2023-12-07 15:22:40,832 - INFO - [20231207-152240.832246][Instance 1/1000][Batch 1/100] Graph generation time: 6.5526 seconds
2023-12-07 15:22:40,835 - INFO - [20231207-152240.835747][Instance 1/1000][Batch 1/100] Graph generation type: generate_dense_random_graph
2023-12-07 15:22:40,835 - INFO - [20231207-152240.835747][Instance 1/1000][Batch 1/100] Graph Size: 4000 Nodes, 826148 Edges
2023-12-07 15:22:40,835 - INFO - [20231207-152240.835747][Instance 1/1000][Batch 1/100] Starting node 489, Target node 1484
2023-12-07 15:22:40,836 - INFO - [20231207-152240.836747][Instance 1/1000][Batch 1/100] Calculating metrics ...
2023-12-07 15:22:40,841 - INFO - [20231207-152240.841734][Instance 1/1000][Batch 1/100] Running astar_alg (3 trials for the AVG metrics) ...
2023-12-07 15:23:14,332 - INFO - [20231207-152314.331562][Instance 1/1000][Batch 1/100] astar_alg time taken: 33.4908 seconds
2023-12-07 15:23:14,332 - INFO - [20231207-152314.332559][Instance 1/1000][Batch 1/100] Running dijkstra_alg (3 trials for the AVG metrics) ...
2023-12-07 15:24:13,044 - INFO - [20231207-152413.044383][Instance 1/1000][Batch 1/100] dijkstra_alg time taken: 58.7118 seconds
2023-12-07 15:24:13,044 - INFO - [20231207-152413.044383][Instance 1/1000][Batch 1/100] Running bfs_alg (3 trials for the AVG metrics) ...
2023-12-07 15:24:54,280 - INFO - [20231207-152454.279028][Instance 1/1000][Batch 1/100] bfs_alg time taken: 41.2346 seconds
2023-12-07 15:24:54,280 - INFO - [20231207-152454.280025][Instance 1/1000][Batch 1/100] Running dfs_alg (3 trials for the AVG metrics) ...
2023-12-07 15:25:19,922 - INFO - [20231207-152519.922489][Instance 1/1000][Batch 1/100] dfs_alg time taken: 25.6425 seconds
2023-12-07 15:25:19,922 - INFO - [20231207-152519.922489][Instance 1/1000][Batch 1/100] Instance generated successfully. Time taken: 159.0892 seconds
2023-12-07 15:25:20,301 - INFO - [20231207-152520.301541][Instance 2/1000][Batch 1/100] Graph generation time: 0.3771 seconds
2023-12-07 15:25:20,303 - INFO - [20231207-152520.303535][Instance 2/1000][Batch 1/100] Graph generation type: generate_random_regular_graph
2023-12-07 15:25:20,304 - INFO - [20231207-152520.303535][Instance 2/1000][Batch 1/100] Graph Size: 4001 Nodes, 12003 Edges
2023-12-07 15:25:20,304 - INFO - [20231207-152520.303535][Instance 2/1000][Batch 1/100] Starting node 3934, Target node 2401
2023-12-07 15:25:20,304 - INFO - [20231207-152520.304533][Instance 2/1000][Batch 1/100] Calculating metrics ...
2023-12-07 15:25:20,312 - INFO - [20231207-152520.312511][Instance 2/1000][Batch 1/100] Running astar_alg (3 trials for the AVG metrics) ...
2023-12-07 15:25:44,491 - INFO - [20231207-152544.491819][Instance 2/1000][Batch 1/100] astar_alg time taken: 24.1793 seconds
2023-12-07 15:25:44,492 - INFO - [20231207-152544.491819][Instance 2/1000][Batch 1/100] Running dijkstra_alg (3 trials for the AVG metrics) ...
2023-12-07 15:26:28,692 - INFO - [20231207-152628.692342][Instance 2/1000][Batch 1/100] dijkstra_alg time taken: 44.2005 seconds
2023-12-07 15:26:28,692 - INFO - [20231207-152628.692342][Instance 2/1000][Batch 1/100] Running bfs_alg (3 trials for the AVG metrics) ...
2023-12-07 15:26:42,724 - INFO - [20231207-152642.724382][Instance 2/1000][Batch 1/100] bfs_alg time taken: 14.0320 seconds
2023-12-07 15:26:42,725 - INFO - [20231207-152642.725381][Instance 2/1000][Batch 1/100] Running dfs_alg (3 trials for the AVG metrics) ...
2023-12-07 15:27:00,951 - INFO - [20231207-152700.951865][Instance 2/1000][Batch 1/100] dfs_alg time taken: 18.2275 seconds
2023-12-07 15:27:00,952 - INFO - [20231207-152700.951865][Instance 2/1000][Batch 1/100] Instance generated successfully. Time taken: 100.6513 seconds
2023-12-07 15:27:01,423 - INFO - [20231207-152701.423652][Instance 3/1000][Batch 1/100] Graph generation time: 0.4698 seconds
2023-12-07 15:27:01,426 - INFO - [20231207-152701.426646][Instance 3/1000][Batch 1/100] Graph generation type: generate_delaunay_graph
2023-12-07 15:27:01,426 - INFO - [20231207-152701.426646][Instance 3/1000][Batch 1/100] Graph Size: 4002 Nodes, 11982 Edges
2023-12-07 15:27:01,427 - INFO - [20231207-152701.426646][Instance 3/1000][Batch 1/100] Starting node 3921, Target node 2353
2023-12-07 15:27:01,427 - INFO - [20231207-152701.427643][Instance 3/1000][Batch 1/100] Calculating metrics ...
2023-12-07 15:27:01,435 - INFO - [20231207-152701.435622][Instance 3/1000][Batch 1/100] Running astar_alg (3 trials for the AVG metrics) ...
2023-12-07 15:27:28,829 - INFO - [20231207-152728.829644][Instance 3/1000][Batch 1/100] astar_alg time taken: 27.3940 seconds
2023-12-07 15:27:28,829 - INFO - [20231207-152728.829644][Instance 3/1000][Batch 1/100] Running dijkstra_alg (3 trials for the AVG metrics) ...
2023-12-07 15:28:11,715 - INFO - [20231207-152811.715034][Instance 3/1000][Batch 1/100] dijkstra_alg time taken: 42.8854 seconds
2023-12-07 15:28:11,715 - INFO - [20231207-152811.715034][Instance 3/1000][Batch 1/100] Running bfs_alg (3 trials for the AVG metrics) ...
2023-12-07 15:28:23,843 - INFO - [20231207-152823.843115][Instance 3/1000][Batch 1/100] bfs_alg time taken: 12.1281 seconds
2023-12-07 15:28:23,843 - INFO - [20231207-152823.843115][Instance 3/1000][Batch 1/100] Running dfs_alg (3 trials for the AVG metrics) ...
2023-12-07 15:28:56,117 - INFO - [20231207-152856.116808][Instance 3/1000][Batch 1/100] dfs_alg time taken: 32.2737 seconds
2023-12-07 15:28:56,117 - INFO - [20231207-152856.117806][Instance 3/1000][Batch 1/100] Instance generated successfully. Time taken: 114.6932 seconds
2023-12-07 15:30:08,078 - INFO - [20231207-153008.077291][Instance 4/1000][Batch 1/100] Graph generation time: 71.9575 seconds
2023-12-07 15:30:08,085 - INFO - [20231207-153008.085272][Instance 4/1000][Batch 1/100] Graph generation type: generate_dense_random_graph
2023-12-07 15:30:08,085 - INFO - [20231207-153008.085272][Instance 4/1000][Batch 1/100] Graph Size: 4003 Nodes, 1577188 Edges
2023-12-07 15:30:08,086 - INFO - [20231207-153008.085272][Instance 4/1000][Batch 1/100] Starting node 2170, Target node 2992
2023-12-07 15:30:08,086 - INFO - [20231207-153008.086269][Instance 4/1000][Batch 1/100] Calculating metrics ...
2023-12-07 15:30:08,110 - INFO - [20231207-153008.109723][Instance 4/1000][Batch 1/100] Running astar_alg (3 trials for the AVG metrics) ...
2023-12-07 15:30:48,694 - INFO - [20231207-153048.693785][Instance 4/1000][Batch 1/100] astar_alg time taken: 40.5841 seconds
2023-12-07 15:30:48,694 - INFO - [20231207-153048.694782][Instance 4/1000][Batch 1/100] Running dijkstra_alg (3 trials for the AVG metrics) ...
2023-12-07 15:32:00,009 - INFO - [20231207-153200.009961][Instance 4/1000][Batch 1/100] dijkstra_alg time taken: 71.3152 seconds
2023-12-07 15:32:00,009 - INFO - [20231207-153200.009961][Instance 4/1000][Batch 1/100] Running bfs_alg (3 trials for the AVG metrics) ...
2023-12-07 15:32:23,803 - INFO - [20231207-153223.803779][Instance 4/1000][Batch 1/100] bfs_alg time taken: 23.7938 seconds
2023-12-07 15:32:23,803 - INFO - [20231207-153223.803779][Instance 4/1000][Batch 1/100] Running dfs_alg (3 trials for the AVG metrics) ...
2023-12-07 15:32:56,794 - INFO - [20231207-153256.794893][Instance 4/1000][Batch 1/100] dfs_alg time taken: 32.9911 seconds
2023-12-07 15:32:56,794 - INFO - [20231207-153256.794893][Instance 4/1000][Batch 1/100] Instance generated successfully. Time taken: 168.7166 seconds
2023-12-07 15:32:57,176 - INFO - [20231207-153257.176470][Instance 5/1000][Batch 1/100] Graph generation time: 0.3796 seconds
2023-12-07 15:32:57,179 - INFO - [20231207-153257.179462][Instance 5/1000][Batch 1/100] Graph generation type: generate_random_regular_graph
2023-12-07 15:32:57,179 - INFO - [20231207-153257.179462][Instance 5/1000][Batch 1/100] Graph Size: 4004 Nodes, 12012 Edges
2023-12-07 15:32:57,179 - INFO - [20231207-153257.179462][Instance 5/1000][Batch 1/100] Starting node 1681, Target node 3189
2023-12-07 15:32:57,179 - INFO - [20231207-153257.179462][Instance 5/1000][Batch 1/100] Calculating metrics ...
2023-12-07 15:32:57,187 - INFO - [20231207-153257.187441][Instance 5/1000][Batch 1/100] Running astar_alg (3 trials for the AVG metrics) ...
2023-12-07 15:33:17,742 - INFO - [20231207-153317.742557][Instance 5/1000][Batch 1/100] astar_alg time taken: 20.5551 seconds
2023-12-07 15:33:17,742 - INFO - [20231207-153317.742557][Instance 5/1000][Batch 1/100] Running dijkstra_alg (3 trials for the AVG metrics) ...
2023-12-07 15:34:02,847 - INFO - [20231207-153402.847561][Instance 5/1000][Batch 1/100] dijkstra_alg time taken: 45.1050 seconds
2023-12-07 15:34:02,848 - INFO - [20231207-153402.848558][Instance 5/1000][Batch 1/100] Running bfs_alg (3 trials for the AVG metrics) ...
2023-12-07 15:34:39,518 - INFO - [20231207-153439.518002][Instance 5/1000][Batch 1/100] bfs_alg time taken: 36.6694 seconds
2023-12-07 15:34:39,518 - INFO - [20231207-153439.518997][Instance 5/1000][Batch 1/100] Running dfs_alg (3 trials for the AVG metrics) ...
2023-12-07 15:34:44,445 - INFO - [20231207-153444.445158][Instance 5/1000][Batch 1/100] dfs_alg time taken: 4.9262 seconds
2023-12-07 15:34:44,446 - INFO - [20231207-153444.445158][Instance 5/1000][Batch 1/100] Instance generated successfully. Time taken: 107.2687 seconds
2023-12-07 15:34:44,928 - INFO - [20231207-153444.928451][Instance 6/1000][Batch 1/100] Graph generation time: 0.4803 seconds
2023-12-07 15:34:44,930 - INFO - [20231207-153444.930449][Instance 6/1000][Batch 1/100] Graph generation type: generate_random_regular_graph
2023-12-07 15:34:44,931 - INFO - [20231207-153444.930449][Instance 6/1000][Batch 1/100] Graph Size: 4005 Nodes, 16020 Edges
2023-12-07 15:34:44,931 - INFO - [20231207-153444.930449][Instance 6/1000][Batch 1/100] Starting node 2458, Target node 2203
2023-12-07 15:34:44,931 - INFO - [20231207-153444.931446][Instance 6/1000][Batch 1/100] Calculating metrics ...
2023-12-07 15:34:44,939 - INFO - [20231207-153444.939426][Instance 6/1000][Batch 1/100] Running astar_alg (3 trials for the AVG metrics) ...
2023-12-07 15:34:52,316 - INFO - [20231207-153452.315948][Instance 6/1000][Batch 1/100] astar_alg time taken: 7.3775 seconds
2023-12-07 15:34:52,316 - INFO - [20231207-153452.316946][Instance 6/1000][Batch 1/100] Running dijkstra_alg (3 trials for the AVG metrics) ...
2023-12-07 15:35:38,774 - INFO - [20231207-153538.774958][Instance 6/1000][Batch 1/100] dijkstra_alg time taken: 46.4580 seconds
2023-12-07 15:35:38,775 - INFO - [20231207-153538.775955][Instance 6/1000][Batch 1/100] Running bfs_alg (3 trials for the AVG metrics) ...
2023-12-07 15:36:19,364 - INFO - [20231207-153619.364811][Instance 6/1000][Batch 1/100] bfs_alg time taken: 40.5889 seconds
2023-12-07 15:36:19,365 - INFO - [20231207-153619.364811][Instance 6/1000][Batch 1/100] Running dfs_alg (3 trials for the AVG metrics) ...
2023-12-07 15:36:56,619 - INFO - [20231207-153656.619912][Instance 6/1000][Batch 1/100] dfs_alg time taken: 37.2551 seconds
2023-12-07 15:36:56,620 - INFO - [20231207-153656.619912][Instance 6/1000][Batch 1/100] Instance generated successfully. Time taken: 131.6915 seconds
2023-12-07 15:36:56,864 - INFO - [20231207-153656.864034][Instance 7/1000][Batch 1/100] Graph generation time: 0.2421 seconds
2023-12-07 15:36:56,874 - INFO - [20231207-153656.873010][Instance 7/1000][Batch 1/100] Graph generation type: generate_2d_grid_graph
2023-12-07 15:36:56,874 - INFO - [20231207-153656.873010][Instance 7/1000][Batch 1/100] Graph Size: 4006 Nodes, 6007 Edges
2023-12-07 15:36:56,874 - INFO - [20231207-153656.873010][Instance 7/1000][Batch 1/100] Starting node 313, Target node 2802
2023-12-07 15:36:56,874 - INFO - [20231207-153656.874007][Instance 7/1000][Batch 1/100] Calculating metrics ...
2023-12-07 15:36:56,880 - INFO - [20231207-153656.880988][Instance 7/1000][Batch 1/100] Running astar_alg (3 trials for the AVG metrics) ...
2023-12-07 15:37:18,439 - INFO - [20231207-153718.439538][Instance 7/1000][Batch 1/100] astar_alg time taken: 21.5585 seconds
2023-12-07 15:37:18,440 - INFO - [20231207-153718.439538][Instance 7/1000][Batch 1/100] Running dijkstra_alg (3 trials for the AVG metrics) ...
2023-12-07 15:38:03,276 - INFO - [20231207-153803.276933][Instance 7/1000][Batch 1/100] dijkstra_alg time taken: 44.8374 seconds
2023-12-07 15:38:03,276 - INFO - [20231207-153803.276933][Instance 7/1000][Batch 1/100] Running bfs_alg (3 trials for the AVG metrics) ...
2023-12-07 15:38:21,106 - INFO - [20231207-153821.106185][Instance 7/1000][Batch 1/100] bfs_alg time taken: 17.8293 seconds
2023-12-07 15:38:21,106 - INFO - [20231207-153821.106185][Instance 7/1000][Batch 1/100] Running dfs_alg (3 trials for the AVG metrics) ...
2023-12-07 15:38:26,682 - INFO - [20231207-153826.681463][Instance 7/1000][Batch 1/100] dfs_alg time taken: 5.5763 seconds
2023-12-07 15:38:26,682 - INFO - [20231207-153826.682456][Instance 7/1000][Batch 1/100] Instance generated successfully. Time taken: 89.8184 seconds
2023-12-07 15:38:27,073 - INFO - [20231207-153827.072519][Instance 8/1000][Batch 1/100] Graph generation time: 0.3891 seconds
2023-12-07 15:38:27,075 - INFO - [20231207-153827.075510][Instance 8/1000][Batch 1/100] Graph generation type: generate_random_regular_graph
2023-12-07 15:38:27,076 - INFO - [20231207-153827.075510][Instance 8/1000][Batch 1/100] Graph Size: 4007 Nodes, 12021 Edges
2023-12-07 15:38:27,076 - INFO - [20231207-153827.075510][Instance 8/1000][Batch 1/100] Starting node 2554, Target node 3968
2023-12-07 15:38:27,076 - INFO - [20231207-153827.076504][Instance 8/1000][Batch 1/100] Calculating metrics ...
2023-12-07 15:38:27,084 - INFO - [20231207-153827.084483][Instance 8/1000][Batch 1/100] Running astar_alg (3 trials for the AVG metrics) ...
2023-12-07 15:38:58,361 - INFO - [20231207-153858.361555][Instance 8/1000][Batch 1/100] astar_alg time taken: 31.2771 seconds
2023-12-07 15:38:58,361 - INFO - [20231207-153858.361555][Instance 8/1000][Batch 1/100] Running dijkstra_alg (3 trials for the AVG metrics) ...
2023-12-07 15:39:41,255 - INFO - [20231207-153941.254238][Instance 8/1000][Batch 1/100] dijkstra_alg time taken: 42.8937 seconds
2023-12-07 15:39:41,255 - INFO - [20231207-153941.255238][Instance 8/1000][Batch 1/100] Running bfs_alg (3 trials for the AVG metrics) ...
2023-12-07 15:40:07,159 - INFO - [20231207-154007.159725][Instance 8/1000][Batch 1/100] bfs_alg time taken: 25.9045 seconds
2023-12-07 15:40:07,160 - INFO - [20231207-154007.159725][Instance 8/1000][Batch 1/100] Running dfs_alg (3 trials for the AVG metrics) ...
2023-12-07 15:40:12,062 - INFO - [20231207-154012.062747][Instance 8/1000][Batch 1/100] dfs_alg time taken: 4.9030 seconds
2023-12-07 15:40:12,062 - INFO - [20231207-154012.062747][Instance 8/1000][Batch 1/100] Instance generated successfully. Time taken: 104.9892 seconds
2023-12-07 15:40:54,089 - INFO - [20231207-154054.089264][Instance 9/1000][Batch 1/100] Graph generation time: 42.0245 seconds
2023-12-07 15:40:54,096 - INFO - [20231207-154054.096245][Instance 9/1000][Batch 1/100] Graph generation type: generate_random_graph
2023-12-07 15:40:54,096 - INFO - [20231207-154054.096245][Instance 9/1000][Batch 1/100] Graph Size: 4008 Nodes, 1484525 Edges
2023-12-07 15:40:54,096 - INFO - [20231207-154054.096245][Instance 9/1000][Batch 1/100] Starting node 590, Target node 868
2023-12-07 15:40:54,097 - INFO - [20231207-154054.096245][Instance 9/1000][Batch 1/100] Calculating metrics ...
2023-12-07 15:40:54,121 - INFO - [20231207-154054.121179][Instance 9/1000][Batch 1/100] Running astar_alg (3 trials for the AVG metrics) ...
2023-12-07 15:42:11,111 - INFO - [20231207-154211.111001][Instance 9/1000][Batch 1/100] astar_alg time taken: 76.9898 seconds
2023-12-07 15:42:11,111 - INFO - [20231207-154211.111001][Instance 9/1000][Batch 1/100] Running dijkstra_alg (3 trials for the AVG metrics) ...
2023-12-07 15:43:23,258 - INFO - [20231207-154323.258129][Instance 9/1000][Batch 1/100] dijkstra_alg time taken: 72.1471 seconds
2023-12-07 15:43:23,259 - INFO - [20231207-154323.259127][Instance 9/1000][Batch 1/100] Running bfs_alg (3 trials for the AVG metrics) ...
2023-12-07 15:43:53,341 - INFO - [20231207-154353.341748][Instance 9/1000][Batch 1/100] bfs_alg time taken: 30.0826 seconds
2023-12-07 15:43:53,341 - INFO - [20231207-154353.341748][Instance 9/1000][Batch 1/100] Running dfs_alg (3 trials for the AVG metrics) ...
2023-12-07 15:44:37,359 - INFO - [20231207-154437.358417][Instance 9/1000][Batch 1/100] dfs_alg time taken: 44.0177 seconds
2023-12-07 15:44:37,359 - INFO - [20231207-154437.359413][Instance 9/1000][Batch 1/100] Instance generated successfully. Time taken: 223.2701 seconds
2023-12-07 15:44:37,882 - INFO - [20231207-154437.882968][Instance 10/1000][Batch 1/100] Graph generation time: 0.5216 seconds
2023-12-07 15:44:37,885 - INFO - [20231207-154437.885959][Instance 10/1000][Batch 1/100] Graph generation type: generate_random_regular_graph
2023-12-07 15:44:37,885 - INFO - [20231207-154437.885959][Instance 10/1000][Batch 1/100] Graph Size: 4009 Nodes, 16036 Edges
2023-12-07 15:44:37,885 - INFO - [20231207-154437.885959][Instance 10/1000][Batch 1/100] Starting node 2022, Target node 2971
2023-12-07 15:44:37,885 - INFO - [20231207-154437.885959][Instance 10/1000][Batch 1/100] Calculating metrics ...
2023-12-07 15:44:37,894 - INFO - [20231207-154437.894935][Instance 10/1000][Batch 1/100] Running astar_alg (3 trials for the AVG metrics) ...
2023-12-07 15:45:09,710 - INFO - [20231207-154509.710983][Instance 10/1000][Batch 1/100] astar_alg time taken: 31.8160 seconds
2023-12-07 15:45:09,710 - INFO - [20231207-154509.710983][Instance 10/1000][Batch 1/100] Running dijkstra_alg (3 trials for the AVG metrics) ...
2023-12-07 15:45:53,261 - INFO - [20231207-154553.260726][Instance 10/1000][Batch 1/100] dijkstra_alg time taken: 43.5507 seconds
2023-12-07 15:45:53,261 - INFO - [20231207-154553.261724][Instance 10/1000][Batch 1/100] Running bfs_alg (3 trials for the AVG metrics) ...
2023-12-07 15:46:34,401 - INFO - [20231207-154634.400473][Instance 10/1000][Batch 1/100] bfs_alg time taken: 41.1387 seconds
2023-12-07 15:46:34,401 - INFO - [20231207-154634.401470][Instance 10/1000][Batch 1/100] Running dfs_alg (3 trials for the AVG metrics) ...
2023-12-07 15:46:42,818 - INFO - [20231207-154642.817534][Instance 10/1000][Batch 1/100] dfs_alg time taken: 8.4171 seconds
2023-12-07 15:46:42,818 - INFO - [20231207-154642.818532][Instance 10/1000][Batch 1/100] Instance generated successfully. Time taken: 124.9356 seconds
2023-12-07 15:47:38,708 - INFO - [20231207-154738.708778][Instance 11/1000][Batch 2/100] Graph generation time: 55.8693 seconds
2023-12-07 15:47:38,715 - INFO - [20231207-154738.715760][Instance 11/1000][Batch 2/100] Graph generation type: generate_dense_random_graph
2023-12-07 15:47:38,715 - INFO - [20231207-154738.715760][Instance 11/1000][Batch 2/100] Graph Size: 4010 Nodes, 738768 Edges
2023-12-07 15:47:38,716 - INFO - [20231207-154738.715760][Instance 11/1000][Batch 2/100] Starting node 3711, Target node 1755
2023-12-07 15:47:38,716 - INFO - [20231207-154738.716757][Instance 11/1000][Batch 2/100] Calculating metrics ...
2023-12-07 15:47:38,740 - INFO - [20231207-154738.739583][Instance 11/1000][Batch 2/100] Running astar_alg (3 trials for the AVG metrics) ...
2023-12-07 15:48:56,871 - INFO - [20231207-154856.870207][Instance 11/1000][Batch 2/100] astar_alg time taken: 78.1316 seconds
2023-12-07 15:48:56,871 - INFO - [20231207-154856.871205][Instance 11/1000][Batch 2/100] Running dijkstra_alg (3 trials for the AVG metrics) ...
2023-12-07 15:49:52,734 - INFO - [20231207-154952.734037][Instance 11/1000][Batch 2/100] dijkstra_alg time taken: 55.8628 seconds
2023-12-07 15:49:52,735 - INFO - [20231207-154952.735034][Instance 11/1000][Batch 2/100] Running bfs_alg (3 trials for the AVG metrics) ...
2023-12-07 15:49:58,694 - INFO - [20231207-154958.693777][Instance 11/1000][Batch 2/100] bfs_alg time taken: 5.9587 seconds
2023-12-07 15:49:58,694 - INFO - [20231207-154958.694775][Instance 11/1000][Batch 2/100] Running dfs_alg (3 trials for the AVG metrics) ...
2023-12-07 15:50:43,508 - INFO - [20231207-155043.508950][Instance 11/1000][Batch 2/100] dfs_alg time taken: 44.8142 seconds
2023-12-07 15:50:43,508 - INFO - [20231207-155043.508950][Instance 11/1000][Batch 2/100] Instance generated successfully. Time taken: 184.8002 seconds
2023-12-07 15:50:49,588 - INFO - [20231207-155049.588439][Instance 12/1000][Batch 2/100] Graph generation time: 6.0775 seconds
2023-12-07 15:50:49,591 - INFO - [20231207-155049.591431][Instance 12/1000][Batch 2/100] Graph generation type: generate_random_graph
2023-12-07 15:50:49,591 - INFO - [20231207-155049.591431][Instance 12/1000][Batch 2/100] Graph Size: 4011 Nodes, 240676 Edges
2023-12-07 15:50:49,591 - INFO - [20231207-155049.591431][Instance 12/1000][Batch 2/100] Starting node 2149, Target node 1059
2023-12-07 15:50:49,591 - INFO - [20231207-155049.591431][Instance 12/1000][Batch 2/100] Calculating metrics ...
2023-12-07 15:50:49,601 - INFO - [20231207-155049.600407][Instance 12/1000][Batch 2/100] Running astar_alg (3 trials for the AVG metrics) ...
2023-12-07 15:50:57,613 - INFO - [20231207-155057.613939][Instance 12/1000][Batch 2/100] astar_alg time taken: 8.0135 seconds
2023-12-07 15:50:57,614 - INFO - [20231207-155057.613939][Instance 12/1000][Batch 2/100] Running dijkstra_alg (3 trials for the AVG metrics) ...
2023-12-07 15:51:44,552 - INFO - [20231207-155144.551879][Instance 12/1000][Batch 2/100] dijkstra_alg time taken: 46.9379 seconds
2023-12-07 15:51:44,552 - INFO - [20231207-155144.552876][Instance 12/1000][Batch 2/100] Running bfs_alg (3 trials for the AVG metrics) ...
2023-12-07 15:52:10,237 - INFO - [20231207-155210.237850][Instance 12/1000][Batch 2/100] bfs_alg time taken: 25.6850 seconds
2023-12-07 15:52:10,238 - INFO - [20231207-155210.237850][Instance 12/1000][Batch 2/100] Running dfs_alg (3 trials for the AVG metrics) ...
2023-12-07 15:52:46,135 - INFO - [20231207-155246.135990][Instance 12/1000][Batch 2/100] dfs_alg time taken: 35.8981 seconds
2023-12-07 15:52:46,135 - INFO - [20231207-155246.135990][Instance 12/1000][Batch 2/100] Instance generated successfully. Time taken: 116.5476 seconds
2023-12-07 15:52:46,628 - INFO - [20231207-155246.628258][Instance 13/1000][Batch 2/100] Graph generation time: 0.4903 seconds
2023-12-07 15:52:46,636 - INFO - [20231207-155246.636237][Instance 13/1000][Batch 2/100] Graph generation type: generate_delaunay_graph
2023-12-07 15:52:46,637 - INFO - [20231207-155246.636237][Instance 13/1000][Batch 2/100] Graph Size: 4012 Nodes, 12012 Edges
2023-12-07 15:52:46,637 - INFO - [20231207-155246.636237][Instance 13/1000][Batch 2/100] Starting node 1319, Target node 1998
2023-12-07 15:52:46,637 - INFO - [20231207-155246.637234][Instance 13/1000][Batch 2/100] Calculating metrics ...
2023-12-07 15:52:46,645 - INFO - [20231207-155246.645213][Instance 13/1000][Batch 2/100] Running astar_alg (3 trials for the AVG metrics) ...
2023-12-07 15:53:33,777 - INFO - [20231207-155333.777312][Instance 13/1000][Batch 2/100] astar_alg time taken: 47.1321 seconds
2023-12-07 15:53:33,777 - INFO - [20231207-155333.777312][Instance 13/1000][Batch 2/100] Running dijkstra_alg (3 trials for the AVG metrics) ...
2023-12-07 15:54:16,192 - INFO - [20231207-155416.191646][Instance 13/1000][Batch 2/100] dijkstra_alg time taken: 42.4153 seconds
2023-12-07 15:54:16,192 - INFO - [20231207-155416.192643][Instance 13/1000][Batch 2/100] Running bfs_alg (3 trials for the AVG metrics) ...
2023-12-07 15:54:36,923 - INFO - [20231207-155436.923166][Instance 13/1000][Batch 2/100] bfs_alg time taken: 20.7305 seconds
2023-12-07 15:54:36,923 - INFO - [20231207-155436.923166][Instance 13/1000][Batch 2/100] Running dfs_alg (3 trials for the AVG metrics) ...
2023-12-07 15:55:00,454 - INFO - [20231207-155500.453691][Instance 13/1000][Batch 2/100] dfs_alg time taken: 23.5315 seconds
2023-12-07 15:55:00,454 - INFO - [20231207-155500.454688][Instance 13/1000][Batch 2/100] Instance generated successfully. Time taken: 133.8254 seconds
2023-12-07 15:56:11,473 - INFO - [20231207-155611.473380][Instance 14/1000][Batch 2/100] Graph generation time: 71.0167 seconds
2023-12-07 15:56:11,481 - INFO - [20231207-155611.480365][Instance 14/1000][Batch 2/100] Graph generation type: generate_dense_random_graph
2023-12-07 15:56:11,481 - INFO - [20231207-155611.480365][Instance 14/1000][Batch 2/100] Graph Size: 4013 Nodes, 1503126 Edges
2023-12-07 15:56:11,481 - INFO - [20231207-155611.480365][Instance 14/1000][Batch 2/100] Starting node 1284, Target node 952
2023-12-07 15:56:11,481 - INFO - [20231207-155611.481359][Instance 14/1000][Batch 2/100] Calculating metrics ...
2023-12-07 15:56:11,507 - INFO - [20231207-155611.507804][Instance 14/1000][Batch 2/100] Running astar_alg (3 trials for the AVG metrics) ...
2023-12-07 15:57:48,688 - INFO - [20231207-155748.688635][Instance 14/1000][Batch 2/100] astar_alg time taken: 97.1808 seconds
2023-12-07 15:57:48,689 - INFO - [20231207-155748.689633][Instance 14/1000][Batch 2/100] Running dijkstra_alg (3 trials for the AVG metrics) ...
2023-12-07 15:58:58,518 - INFO - [20231207-155858.518732][Instance 14/1000][Batch 2/100] dijkstra_alg time taken: 69.8291 seconds
2023-12-07 15:58:58,518 - INFO - [20231207-155858.518732][Instance 14/1000][Batch 2/100] Running bfs_alg (3 trials for the AVG metrics) ...
2023-12-07 15:59:35,426 - INFO - [20231207-155935.425608][Instance 14/1000][Batch 2/100] bfs_alg time taken: 36.9079 seconds
2023-12-07 15:59:35,426 - INFO - [20231207-155935.426607][Instance 14/1000][Batch 2/100] Running dfs_alg (3 trials for the AVG metrics) ...
2023-12-07 16:00:18,705 - INFO - [20231207-160018.705969][Instance 14/1000][Batch 2/100] dfs_alg time taken: 43.2794 seconds
2023-12-07 16:00:18,705 - INFO - [20231207-160018.705969][Instance 14/1000][Batch 2/100] Instance generated successfully. Time taken: 247.2326 seconds
2023-12-07 16:00:19,246 - INFO - [20231207-160019.246937][Instance 15/1000][Batch 2/100] Graph generation time: 0.5390 seconds
2023-12-07 16:00:19,248 - INFO - [20231207-160019.248932][Instance 15/1000][Batch 2/100] Graph generation type: generate_random_regular_graph
2023-12-07 16:00:19,248 - INFO - [20231207-160019.248932][Instance 15/1000][Batch 2/100] Graph Size: 4014 Nodes, 12042 Edges
2023-12-07 16:00:19,249 - INFO - [20231207-160019.248932][Instance 15/1000][Batch 2/100] Starting node 2601, Target node 2908
2023-12-07 16:00:19,249 - INFO - [20231207-160019.249929][Instance 15/1000][Batch 2/100] Calculating metrics ...
2023-12-07 16:00:19,256 - INFO - [20231207-160019.256910][Instance 15/1000][Batch 2/100] Running astar_alg (3 trials for the AVG metrics) ...
2023-12-07 16:00:21,233 - INFO - [20231207-160021.233922][Instance 15/1000][Batch 2/100] astar_alg time taken: 1.9770 seconds
2023-12-07 16:00:21,233 - INFO - [20231207-160021.233922][Instance 15/1000][Batch 2/100] Running dijkstra_alg (3 trials for the AVG metrics) ...
2023-12-07 16:01:04,205 - INFO - [20231207-160104.204756][Instance 15/1000][Batch 2/100] dijkstra_alg time taken: 42.9718 seconds
2023-12-07 16:01:04,205 - INFO - [20231207-160104.205753][Instance 15/1000][Batch 2/100] Running bfs_alg (3 trials for the AVG metrics) ...
2023-12-07 16:01:44,517 - INFO - [20231207-160144.517176][Instance 15/1000][Batch 2/100] bfs_alg time taken: 40.3114 seconds
2023-12-07 16:01:44,518 - INFO - [20231207-160144.518170][Instance 15/1000][Batch 2/100] Running dfs_alg (3 trials for the AVG metrics) ...
2023-12-07 16:01:51,419 - INFO - [20231207-160151.418798][Instance 15/1000][Batch 2/100] dfs_alg time taken: 6.9006 seconds
2023-12-07 16:01:51,419 - INFO - [20231207-160151.419795][Instance 15/1000][Batch 2/100] Instance generated successfully. Time taken: 92.1729 seconds
2023-12-07 16:02:33,981 - INFO - [20231207-160233.981354][Instance 16/1000][Batch 2/100] Graph generation time: 42.5596 seconds
2023-12-07 16:02:33,984 - INFO - [20231207-160233.984348][Instance 16/1000][Batch 2/100] Graph generation type: generate_dense_random_graph
2023-12-07 16:02:33,984 - INFO - [20231207-160233.984348][Instance 16/1000][Batch 2/100] Graph Size: 4015 Nodes, 123453 Edges
2023-12-07 16:02:33,984 - INFO - [20231207-160233.984348][Instance 16/1000][Batch 2/100] Starting node 3927, Target node 2079
2023-12-07 16:02:33,984 - INFO - [20231207-160233.984348][Instance 16/1000][Batch 2/100] Calculating metrics ...
2023-12-07 16:02:33,993 - INFO - [20231207-160233.993325][Instance 16/1000][Batch 2/100] Running astar_alg (3 trials for the AVG metrics) ...
2023-12-07 16:02:40,774 - INFO - [20231207-160240.773345][Instance 16/1000][Batch 2/100] astar_alg time taken: 6.7810 seconds
2023-12-07 16:02:40,774 - INFO - [20231207-160240.774342][Instance 16/1000][Batch 2/100] Running dijkstra_alg (3 trials for the AVG metrics) ...
2023-12-07 16:03:26,138 - INFO - [20231207-160326.138708][Instance 16/1000][Batch 2/100] dijkstra_alg time taken: 45.3644 seconds
2023-12-07 16:03:26,139 - INFO - [20231207-160326.138708][Instance 16/1000][Batch 2/100] Running bfs_alg (3 trials for the AVG metrics) ...
2023-12-07 16:03:52,693 - INFO - [20231207-160352.692690][Instance 16/1000][Batch 2/100] bfs_alg time taken: 26.5540 seconds
2023-12-07 16:03:52,693 - INFO - [20231207-160352.693688][Instance 16/1000][Batch 2/100] Running dfs_alg (3 trials for the AVG metrics) ...
2023-12-07 16:04:24,840 - INFO - [20231207-160424.839785][Instance 16/1000][Batch 2/100] dfs_alg time taken: 32.1471 seconds
2023-12-07 16:04:24,840 - INFO - [20231207-160424.840782][Instance 16/1000][Batch 2/100] Instance generated successfully. Time taken: 110.8594 seconds
2023-12-07 16:05:24,632 - INFO - [20231207-160524.632444][Instance 17/1000][Batch 2/100] Graph generation time: 59.7897 seconds
2023-12-07 16:05:24,640 - INFO - [20231207-160524.640423][Instance 17/1000][Batch 2/100] Graph generation type: generate_dense_random_graph
2023-12-07 16:05:24,640 - INFO - [20231207-160524.640423][Instance 17/1000][Batch 2/100] Graph Size: 4016 Nodes, 996628 Edges
2023-12-07 16:05:24,640 - INFO - [20231207-160524.640423][Instance 17/1000][Batch 2/100] Starting node 2660, Target node 69
2023-12-07 16:05:24,640 - INFO - [20231207-160524.640423][Instance 17/1000][Batch 2/100] Calculating metrics ...
2023-12-07 16:05:24,663 - INFO - [20231207-160524.663363][Instance 17/1000][Batch 2/100] Running astar_alg (3 trials for the AVG metrics) ...
2023-12-07 16:06:01,507 - INFO - [20231207-160601.507127][Instance 17/1000][Batch 2/100] astar_alg time taken: 36.8438 seconds
2023-12-07 16:06:01,508 - INFO - [20231207-160601.508124][Instance 17/1000][Batch 2/100] Running dijkstra_alg (3 trials for the AVG metrics) ...
2023-12-07 16:07:02,526 - INFO - [20231207-160702.526142][Instance 17/1000][Batch 2/100] dijkstra_alg time taken: 61.0180 seconds
2023-12-07 16:07:02,526 - INFO - [20231207-160702.526142][Instance 17/1000][Batch 2/100] Running bfs_alg (3 trials for the AVG metrics) ...
2023-12-07 16:07:31,526 - INFO - [20231207-160731.525110][Instance 17/1000][Batch 2/100] bfs_alg time taken: 29.0000 seconds
2023-12-07 16:07:31,526 - INFO - [20231207-160731.526107][Instance 17/1000][Batch 2/100] Running dfs_alg (3 trials for the AVG metrics) ...
2023-12-07 16:07:38,658 - INFO - [20231207-160738.658818][Instance 17/1000][Batch 2/100] dfs_alg time taken: 7.1327 seconds
2023-12-07 16:07:38,659 - INFO - [20231207-160738.658818][Instance 17/1000][Batch 2/100] Instance generated successfully. Time taken: 134.0274 seconds
2023-12-07 16:07:38,954 - INFO - [20231207-160738.954577][Instance 18/1000][Batch 2/100] Graph generation time: 0.2938 seconds
2023-12-07 16:07:38,965 - INFO - [20231207-160738.965548][Instance 18/1000][Batch 2/100] Graph generation type: generate_2d_grid_graph
2023-12-07 16:07:38,965 - INFO - [20231207-160738.965548][Instance 18/1000][Batch 2/100] Graph Size: 4017 Nodes, 7892 Edges
2023-12-07 16:07:38,965 - INFO - [20231207-160738.965548][Instance 18/1000][Batch 2/100] Starting node 1291, Target node 3721
2023-12-07 16:07:38,966 - INFO - [20231207-160738.965548][Instance 18/1000][Batch 2/100] Calculating metrics ...
2023-12-07 16:07:38,972 - INFO - [20231207-160738.972529][Instance 18/1000][Batch 2/100] Running astar_alg (3 trials for the AVG metrics) ...
2023-12-07 16:08:30,169 - INFO - [20231207-160830.168742][Instance 18/1000][Batch 2/100] astar_alg time taken: 51.1962 seconds
2023-12-07 16:08:30,169 - INFO - [20231207-160830.169739][Instance 18/1000][Batch 2/100] Running dijkstra_alg (3 trials for the AVG metrics) ...
2023-12-07 16:09:13,200 - INFO - [20231207-160913.199752][Instance 18/1000][Batch 2/100] dijkstra_alg time taken: 43.0310 seconds
2023-12-07 16:09:13,200 - INFO - [20231207-160913.200750][Instance 18/1000][Batch 2/100] Running bfs_alg (3 trials for the AVG metrics) ...
2023-12-07 16:09:55,101 - INFO - [20231207-160955.101016][Instance 18/1000][Batch 2/100] bfs_alg time taken: 41.9003 seconds
2023-12-07 16:09:55,102 - INFO - [20231207-160955.101016][Instance 18/1000][Batch 2/100] Running dfs_alg (3 trials for the AVG metrics) ...
2023-12-07 16:10:03,856 - INFO - [20231207-161003.856231][Instance 18/1000][Batch 2/100] dfs_alg time taken: 8.7552 seconds
2023-12-07 16:10:03,856 - INFO - [20231207-161003.856231][Instance 18/1000][Batch 2/100] Instance generated successfully. Time taken: 144.9017 seconds
2023-12-07 16:10:04,145 - INFO - [20231207-161004.145018][Instance 19/1000][Batch 2/100] Graph generation time: 0.2868 seconds
2023-12-07 16:10:04,149 - INFO - [20231207-161004.149004][Instance 19/1000][Batch 2/100] Graph generation type: generate_2d_grid_graph
2023-12-07 16:10:04,149 - INFO - [20231207-161004.149004][Instance 19/1000][Batch 2/100] Graph Size: 4018 Nodes, 7905 Edges
2023-12-07 16:10:04,150 - INFO - [20231207-161004.149004][Instance 19/1000][Batch 2/100] Starting node 3882, Target node 3039
2023-12-07 16:10:04,150 - INFO - [20231207-161004.150000][Instance 19/1000][Batch 2/100] Calculating metrics ...
2023-12-07 16:10:04,155 - INFO - [20231207-161004.155989][Instance 19/1000][Batch 2/100] Running astar_alg (3 trials for the AVG metrics) ...
2023-12-07 16:10:23,111 - INFO - [20231207-161023.110162][Instance 19/1000][Batch 2/100] astar_alg time taken: 18.9542 seconds
2023-12-07 16:10:23,111 - INFO - [20231207-161023.111159][Instance 19/1000][Batch 2/100] Running dijkstra_alg (3 trials for the AVG metrics) ...
2023-12-07 16:11:07,518 - INFO - [20231207-161107.518645][Instance 19/1000][Batch 2/100] dijkstra_alg time taken: 44.4075 seconds
2023-12-07 16:11:07,518 - INFO - [20231207-161107.518645][Instance 19/1000][Batch 2/100] Running bfs_alg (3 trials for the AVG metrics) ...
2023-12-07 16:11:20,226 - INFO - [20231207-161120.225576][Instance 19/1000][Batch 2/100] bfs_alg time taken: 12.7079 seconds
2023-12-07 16:11:20,226 - INFO - [20231207-161120.226574][Instance 19/1000][Batch 2/100] Running dfs_alg (3 trials for the AVG metrics) ...
2023-12-07 16:11:57,731 - INFO - [20231207-161157.731197][Instance 19/1000][Batch 2/100] dfs_alg time taken: 37.5046 seconds
2023-12-07 16:11:57,731 - INFO - [20231207-161157.731197][Instance 19/1000][Batch 2/100] Instance generated successfully. Time taken: 113.5862 seconds
2023-12-07 16:11:58,088 - INFO - [20231207-161158.088780][Instance 20/1000][Batch 2/100] Graph generation time: 0.3556 seconds
2023-12-07 16:11:58,090 - INFO - [20231207-161158.090775][Instance 20/1000][Batch 2/100] Graph generation type: generate_random_regular_graph
2023-12-07 16:11:58,090 - INFO - [20231207-161158.090775][Instance 20/1000][Batch 2/100] Graph Size: 4019 Nodes, 12057 Edges
2023-12-07 16:11:58,091 - INFO - [20231207-161158.090775][Instance 20/1000][Batch 2/100] Starting node 1637, Target node 458
2023-12-07 16:11:58,091 - INFO - [20231207-161158.091772][Instance 20/1000][Batch 2/100] Calculating metrics ...
2023-12-07 16:11:58,099 - INFO - [20231207-161158.099751][Instance 20/1000][Batch 2/100] Running astar_alg (3 trials for the AVG metrics) ...
2023-12-07 16:12:07,830 - INFO - [20231207-161207.830102][Instance 20/1000][Batch 2/100] astar_alg time taken: 9.7304 seconds
2023-12-07 16:12:07,831 - INFO - [20231207-161207.830102][Instance 20/1000][Batch 2/100] Running dijkstra_alg (3 trials for the AVG metrics) ...
2023-12-07 16:12:51,202 - INFO - [20231207-161251.202158][Instance 20/1000][Batch 2/100] dijkstra_alg time taken: 43.3721 seconds
2023-12-07 16:12:51,202 - INFO - [20231207-161251.202158][Instance 20/1000][Batch 2/100] Running bfs_alg (3 trials for the AVG metrics) ...
2023-12-07 16:12:59,429 - INFO - [20231207-161259.429592][Instance 20/1000][Batch 2/100] bfs_alg time taken: 8.2274 seconds
2023-12-07 16:12:59,430 - INFO - [20231207-161259.430590][Instance 20/1000][Batch 2/100] Running dfs_alg (3 trials for the AVG metrics) ...
2023-12-07 16:13:39,196 - INFO - [20231207-161339.196169][Instance 20/1000][Batch 2/100] dfs_alg time taken: 39.7656 seconds
2023-12-07 16:13:39,197 - INFO - [20231207-161339.197166][Instance 20/1000][Batch 2/100] Instance generated successfully. Time taken: 101.1084 seconds
2023-12-07 16:14:01,905 - INFO - [20231207-161401.905859][Instance 21/1000][Batch 3/100] Graph generation time: 22.6927 seconds
2023-12-07 16:14:01,912 - INFO - [20231207-161401.912840][Instance 21/1000][Batch 3/100] Graph generation type: generate_random_graph
2023-12-07 16:14:01,912 - INFO - [20231207-161401.912840][Instance 21/1000][Batch 3/100] Graph Size: 4020 Nodes, 871796 Edges
2023-12-07 16:14:01,913 - INFO - [20231207-161401.912840][Instance 21/1000][Batch 3/100] Starting node 3327, Target node 3189
2023-12-07 16:14:01,913 - INFO - [20231207-161401.913837][Instance 21/1000][Batch 3/100] Calculating metrics ...
2023-12-07 16:14:01,935 - INFO - [20231207-161401.935779][Instance 21/1000][Batch 3/100] Running astar_alg (3 trials for the AVG metrics) ...
2023-12-07 16:14:59,032 - INFO - [20231207-161459.032383][Instance 21/1000][Batch 3/100] astar_alg time taken: 57.0966 seconds
2023-12-07 16:14:59,032 - INFO - [20231207-161459.032383][Instance 21/1000][Batch 3/100] Running dijkstra_alg (3 trials for the AVG metrics) ...
2023-12-07 16:15:59,042 - INFO - [20231207-161559.042295][Instance 21/1000][Batch 3/100] dijkstra_alg time taken: 60.0099 seconds
2023-12-07 16:15:59,042 - INFO - [20231207-161559.042295][Instance 21/1000][Batch 3/100] Running bfs_alg (3 trials for the AVG metrics) ...
2023-12-07 16:16:36,844 - INFO - [20231207-161636.844586][Instance 21/1000][Batch 3/100] bfs_alg time taken: 37.8023 seconds
2023-12-07 16:16:36,844 - INFO - [20231207-161636.844586][Instance 21/1000][Batch 3/100] Running dfs_alg (3 trials for the AVG metrics) ...
2023-12-07 16:17:07,043 - INFO - [20231207-161707.043560][Instance 21/1000][Batch 3/100] dfs_alg time taken: 30.1990 seconds
2023-12-07 16:17:07,044 - INFO - [20231207-161707.044558][Instance 21/1000][Batch 3/100] Instance generated successfully. Time taken: 185.1387 seconds
2023-12-07 16:17:19,732 - INFO - [20231207-161719.731680][Instance 22/1000][Batch 3/100] Graph generation time: 12.6871 seconds
2023-12-07 16:17:19,736 - INFO - [20231207-161719.736667][Instance 22/1000][Batch 3/100] Graph generation type: generate_random_graph
2023-12-07 16:17:19,736 - INFO - [20231207-161719.736667][Instance 22/1000][Batch 3/100] Graph Size: 4021 Nodes, 485503 Edges
2023-12-07 16:17:19,736 - INFO - [20231207-161719.736667][Instance 22/1000][Batch 3/100] Starting node 3354, Target node 2479
2023-12-07 16:17:19,736 - INFO - [20231207-161719.736667][Instance 22/1000][Batch 3/100] Calculating metrics ...
2023-12-07 16:17:19,748 - INFO - [20231207-161719.747640][Instance 22/1000][Batch 3/100] Running astar_alg (3 trials for the AVG metrics) ...
2023-12-07 16:18:06,292 - INFO - [20231207-161806.292802][Instance 22/1000][Batch 3/100] astar_alg time taken: 46.5452 seconds
2023-12-07 16:18:06,293 - INFO - [20231207-161806.292802][Instance 22/1000][Batch 3/100] Running dijkstra_alg (3 trials for the AVG metrics) ...
2023-12-07 16:18:58,988 - INFO - [20231207-161858.988250][Instance 22/1000][Batch 3/100] dijkstra_alg time taken: 52.6954 seconds
2023-12-07 16:18:58,988 - INFO - [20231207-161858.988250][Instance 22/1000][Batch 3/100] Running bfs_alg (3 trials for the AVG metrics) ...
2023-12-07 16:19:34,479 - INFO - [20231207-161934.479060][Instance 22/1000][Batch 3/100] bfs_alg time taken: 35.4908 seconds
2023-12-07 16:19:34,480 - INFO - [20231207-161934.480057][Instance 22/1000][Batch 3/100] Running dfs_alg (3 trials for the AVG metrics) ...
2023-12-07 16:19:53,770 - INFO - [20231207-161953.770399][Instance 22/1000][Batch 3/100] dfs_alg time taken: 19.2903 seconds
2023-12-07 16:19:53,771 - INFO - [20231207-161953.771397][Instance 22/1000][Batch 3/100] Instance generated successfully. Time taken: 154.0387 seconds
2023-12-07 16:20:51,979 - INFO - [20231207-162051.979316][Instance 23/1000][Batch 3/100] Graph generation time: 58.2069 seconds
2023-12-07 16:20:51,987 - INFO - [20231207-162051.987294][Instance 23/1000][Batch 3/100] Graph generation type: generate_dense_random_graph
2023-12-07 16:20:51,988 - INFO - [20231207-162051.987294][Instance 23/1000][Batch 3/100] Graph Size: 4022 Nodes, 859611 Edges
2023-12-07 16:20:51,988 - INFO - [20231207-162051.987294][Instance 23/1000][Batch 3/100] Starting node 2171, Target node 2977
2023-12-07 16:20:51,988 - INFO - [20231207-162051.988292][Instance 23/1000][Batch 3/100] Calculating metrics ...
2023-12-07 16:20:52,012 - INFO - [20231207-162052.012229][Instance 23/1000][Batch 3/100] Running astar_alg (3 trials for the AVG metrics) ...
2023-12-07 16:21:11,682 - INFO - [20231207-162111.682533][Instance 23/1000][Batch 3/100] astar_alg time taken: 19.6703 seconds
2023-12-07 16:21:11,682 - INFO - [20231207-162111.682533][Instance 23/1000][Batch 3/100] Running dijkstra_alg (3 trials for the AVG metrics) ...
2023-12-07 16:22:11,136 - INFO - [20231207-162211.136280][Instance 23/1000][Batch 3/100] dijkstra_alg time taken: 59.4537 seconds
2023-12-07 16:22:11,136 - INFO - [20231207-162211.136280][Instance 23/1000][Batch 3/100] Running bfs_alg (3 trials for the AVG metrics) ...
2023-12-07 16:22:55,389 - INFO - [20231207-162255.389800][Instance 23/1000][Batch 3/100] bfs_alg time taken: 44.2535 seconds
2023-12-07 16:22:55,390 - INFO - [20231207-162255.389800][Instance 23/1000][Batch 3/100] Running dfs_alg (3 trials for the AVG metrics) ...
2023-12-07 16:23:14,964 - INFO - [20231207-162314.963093][Instance 23/1000][Batch 3/100] dfs_alg time taken: 19.5733 seconds
2023-12-07 16:23:14,964 - INFO - [20231207-162314.964091][Instance 23/1000][Batch 3/100] Instance generated successfully. Time taken: 142.9838 seconds
2023-12-07 16:24:07,906 - INFO - [20231207-162407.906864][Instance 24/1000][Batch 3/100] Graph generation time: 52.9408 seconds
2023-12-07 16:24:07,914 - INFO - [20231207-162407.914843][Instance 24/1000][Batch 3/100] Graph generation type: generate_dense_random_graph
2023-12-07 16:24:07,914 - INFO - [20231207-162407.914843][Instance 24/1000][Batch 3/100] Graph Size: 4023 Nodes, 590618 Edges
2023-12-07 16:24:07,914 - INFO - [20231207-162407.914843][Instance 24/1000][Batch 3/100] Starting node 1670, Target node 3836
2023-12-07 16:24:07,915 - INFO - [20231207-162407.914843][Instance 24/1000][Batch 3/100] Calculating metrics ...
2023-12-07 16:24:07,937 - INFO - [20231207-162407.937781][Instance 24/1000][Batch 3/100] Running astar_alg (3 trials for the AVG metrics) ...
2023-12-07 16:25:11,919 - INFO - [20231207-162511.919088][Instance 24/1000][Batch 3/100] astar_alg time taken: 63.9813 seconds
2023-12-07 16:25:11,919 - INFO - [20231207-162511.919088][Instance 24/1000][Batch 3/100] Running dijkstra_alg (3 trials for the AVG metrics) ...
2023-12-07 16:26:06,045 - INFO - [20231207-162606.045123][Instance 24/1000][Batch 3/100] dijkstra_alg time taken: 54.1260 seconds
2023-12-07 16:26:06,045 - INFO - [20231207-162606.045123][Instance 24/1000][Batch 3/100] Running bfs_alg (3 trials for the AVG metrics) ...
2023-12-07 16:26:20,926 - INFO - [20231207-162620.926929][Instance 24/1000][Batch 3/100] bfs_alg time taken: 14.8818 seconds
2023-12-07 16:26:20,927 - INFO - [20231207-162620.927931][Instance 24/1000][Batch 3/100] Running dfs_alg (3 trials for the AVG metrics) ...
2023-12-07 16:26:50,795 - INFO - [20231207-162650.795308][Instance 24/1000][Batch 3/100] dfs_alg time taken: 29.8674 seconds
2023-12-07 16:26:50,796 - INFO - [20231207-162650.796307][Instance 24/1000][Batch 3/100] Instance generated successfully. Time taken: 162.8884 seconds
2023-12-07 16:27:59,356 - INFO - [20231207-162759.356374][Instance 25/1000][Batch 3/100] Graph generation time: 68.5591 seconds
2023-12-07 16:27:59,364 - INFO - [20231207-162759.364352][Instance 25/1000][Batch 3/100] Graph generation type: generate_dense_random_graph
2023-12-07 16:27:59,364 - INFO - [20231207-162759.364352][Instance 25/1000][Batch 3/100] Graph Size: 4024 Nodes, 1363453 Edges
2023-12-07 16:27:59,364 - INFO - [20231207-162759.364352][Instance 25/1000][Batch 3/100] Starting node 13, Target node 773
2023-12-07 16:27:59,365 - INFO - [20231207-162759.364352][Instance 25/1000][Batch 3/100] Calculating metrics ...
2023-12-07 16:27:59,387 - INFO - [20231207-162759.387290][Instance 25/1000][Batch 3/100] Running astar_alg (3 trials for the AVG metrics) ...
2023-12-07 16:28:10,732 - INFO - [20231207-162810.732044][Instance 25/1000][Batch 3/100] astar_alg time taken: 11.3448 seconds
2023-12-07 16:28:10,733 - INFO - [20231207-162810.732044][Instance 25/1000][Batch 3/100] Running dijkstra_alg (3 trials for the AVG metrics) ...
2023-12-07 16:29:19,349 - INFO - [20231207-162919.349019][Instance 25/1000][Batch 3/100] dijkstra_alg time taken: 68.6170 seconds
2023-12-07 16:29:19,349 - INFO - [20231207-162919.349019][Instance 25/1000][Batch 3/100] Running bfs_alg (3 trials for the AVG metrics) ...
2023-12-07 16:29:56,434 - INFO - [20231207-162956.433707][Instance 25/1000][Batch 3/100] bfs_alg time taken: 37.0857 seconds
2023-12-07 16:29:56,434 - INFO - [20231207-162956.434706][Instance 25/1000][Batch 3/100] Running dfs_alg (3 trials for the AVG metrics) ...
2023-12-07 16:30:28,781 - INFO - [20231207-163028.781295][Instance 25/1000][Batch 3/100] dfs_alg time taken: 32.3466 seconds
2023-12-07 16:30:28,781 - INFO - [20231207-163028.781295][Instance 25/1000][Batch 3/100] Instance generated successfully. Time taken: 149.4249 seconds
2023-12-07 16:30:29,041 - INFO - [20231207-163029.041574][Instance 26/1000][Batch 3/100] Graph generation time: 0.2593 seconds
2023-12-07 16:30:29,042 - INFO - [20231207-163029.042572][Instance 26/1000][Batch 3/100] Graph generation type: generate_random_regular_graph
2023-12-07 16:30:29,042 - INFO - [20231207-163029.042572][Instance 26/1000][Batch 3/100] Graph Size: 4025 Nodes, 8050 Edges
2023-12-07 16:30:29,043 - INFO - [20231207-163029.042572][Instance 26/1000][Batch 3/100] Starting node 2125, Target node 2957
2023-12-07 16:30:29,043 - INFO - [20231207-163029.043569][Instance 26/1000][Batch 3/100] Calculating metrics ...
2023-12-07 16:30:29,050 - INFO - [20231207-163029.050550][Instance 26/1000][Batch 3/100] Running astar_alg (3 trials for the AVG metrics) ...
2023-12-07 16:30:31,797 - INFO - [20231207-163031.796480][Instance 26/1000][Batch 3/100] astar_alg time taken: 2.7459 seconds
2023-12-07 16:30:31,797 - INFO - [20231207-163031.797477][Instance 26/1000][Batch 3/100] Running dijkstra_alg (3 trials for the AVG metrics) ...
2023-12-07 16:31:14,851 - INFO - [20231207-163114.851698][Instance 26/1000][Batch 3/100] dijkstra_alg time taken: 43.0542 seconds
2023-12-07 16:31:14,851 - INFO - [20231207-163114.851698][Instance 26/1000][Batch 3/100] Running bfs_alg (3 trials for the AVG metrics) ...
2023-12-07 16:31:23,567 - INFO - [20231207-163123.567964][Instance 26/1000][Batch 3/100] bfs_alg time taken: 8.7163 seconds
2023-12-07 16:31:23,568 - INFO - [20231207-163123.568962][Instance 26/1000][Batch 3/100] Running dfs_alg (3 trials for the AVG metrics) ...
2023-12-07 16:31:37,864 - INFO - [20231207-163137.863160][Instance 26/1000][Batch 3/100] dfs_alg time taken: 14.2952 seconds
2023-12-07 16:31:37,864 - INFO - [20231207-163137.864157][Instance 26/1000][Batch 3/100] Instance generated successfully. Time taken: 68.8226 seconds
2023-12-07 16:31:40,815 - INFO - [20231207-163140.815082][Instance 27/1000][Batch 3/100] Graph generation time: 2.9489 seconds
2023-12-07 16:31:40,818 - INFO - [20231207-163140.817077][Instance 27/1000][Batch 3/100] Graph generation type: generate_random_graph
2023-12-07 16:31:40,818 - INFO - [20231207-163140.817077][Instance 27/1000][Batch 3/100] Graph Size: 4026 Nodes, 118819 Edges
2023-12-07 16:31:40,818 - INFO - [20231207-163140.817077][Instance 27/1000][Batch 3/100] Starting node 3052, Target node 1721
2023-12-07 16:31:40,818 - INFO - [20231207-163140.818074][Instance 27/1000][Batch 3/100] Calculating metrics ...
2023-12-07 16:31:40,826 - INFO - [20231207-163140.826053][Instance 27/1000][Batch 3/100] Running astar_alg (3 trials for the AVG metrics) ...
2023-12-07 16:31:45,866 - INFO - [20231207-163145.865261][Instance 27/1000][Batch 3/100] astar_alg time taken: 5.0392 seconds
2023-12-07 16:31:45,866 - INFO - [20231207-163145.866258][Instance 27/1000][Batch 3/100] Running dijkstra_alg (3 trials for the AVG metrics) ...
2023-12-07 16:32:32,892 - INFO - [20231207-163232.891519][Instance 27/1000][Batch 3/100] dijkstra_alg time taken: 47.0253 seconds
2023-12-07 16:32:32,892 - INFO - [20231207-163232.892516][Instance 27/1000][Batch 3/100] Running bfs_alg (3 trials for the AVG metrics) ...
2023-12-07 16:32:47,430 - INFO - [20231207-163247.430205][Instance 27/1000][Batch 3/100] bfs_alg time taken: 14.5377 seconds
2023-12-07 16:32:47,430 - INFO - [20231207-163247.430205][Instance 27/1000][Batch 3/100] Running dfs_alg (3 trials for the AVG metrics) ...
2023-12-07 16:33:26,928 - INFO - [20231207-163326.928350][Instance 27/1000][Batch 3/100] dfs_alg time taken: 39.4981 seconds
2023-12-07 16:33:26,929 - INFO - [20231207-163326.928350][Instance 27/1000][Batch 3/100] Instance generated successfully. Time taken: 106.1133 seconds
2023-12-07 16:33:27,637 - INFO - [20231207-163327.637994][Instance 28/1000][Batch 3/100] Graph generation time: 0.7076 seconds
2023-12-07 16:33:27,639 - INFO - [20231207-163327.639990][Instance 28/1000][Batch 3/100] Graph generation type: generate_random_regular_graph
2023-12-07 16:33:27,639 - INFO - [20231207-163327.639990][Instance 28/1000][Batch 3/100] Graph Size: 4027 Nodes, 16108 Edges
2023-12-07 16:33:27,639 - INFO - [20231207-163327.639990][Instance 28/1000][Batch 3/100] Starting node 2980, Target node 1948
2023-12-07 16:33:27,639 - INFO - [20231207-163327.639990][Instance 28/1000][Batch 3/100] Calculating metrics ...
2023-12-07 16:33:27,647 - INFO - [20231207-163327.647968][Instance 28/1000][Batch 3/100] Running astar_alg (3 trials for the AVG metrics) ...
2023-12-07 16:34:04,895 - INFO - [20231207-163404.895961][Instance 28/1000][Batch 3/100] astar_alg time taken: 37.2480 seconds
2023-12-07 16:34:04,896 - INFO - [20231207-163404.896958][Instance 28/1000][Batch 3/100] Running dijkstra_alg (3 trials for the AVG metrics) ...
2023-12-07 16:34:48,376 - INFO - [20231207-163448.375372][Instance 28/1000][Batch 3/100] dijkstra_alg time taken: 43.4794 seconds
2023-12-07 16:34:48,376 - INFO - [20231207-163448.376369][Instance 28/1000][Batch 3/100] Running bfs_alg (3 trials for the AVG metrics) ...
2023-12-07 16:35:14,791 - INFO - [20231207-163514.790062][Instance 28/1000][Batch 3/100] bfs_alg time taken: 26.4147 seconds
2023-12-07 16:35:14,791 - INFO - [20231207-163514.791059][Instance 28/1000][Batch 3/100] Running dfs_alg (3 trials for the AVG metrics) ...
2023-12-07 16:35:25,801 - INFO - [20231207-163525.801437][Instance 28/1000][Batch 3/100] dfs_alg time taken: 11.0104 seconds
2023-12-07 16:35:25,801 - INFO - [20231207-163525.801437][Instance 28/1000][Batch 3/100] Instance generated successfully. Time taken: 118.1634 seconds
2023-12-07 16:35:26,165 - INFO - [20231207-163526.164995][Instance 29/1000][Batch 3/100] Graph generation time: 0.3626 seconds
2023-12-07 16:35:26,167 - INFO - [20231207-163526.167987][Instance 29/1000][Batch 3/100] Graph generation type: generate_random_regular_graph
2023-12-07 16:35:26,167 - INFO - [20231207-163526.167987][Instance 29/1000][Batch 3/100] Graph Size: 4028 Nodes, 12084 Edges
2023-12-07 16:35:26,167 - INFO - [20231207-163526.167987][Instance 29/1000][Batch 3/100] Starting node 2772, Target node 3722
2023-12-07 16:35:26,167 - INFO - [20231207-163526.167987][Instance 29/1000][Batch 3/100] Calculating metrics ...
2023-12-07 16:35:26,175 - INFO - [20231207-163526.174968][Instance 29/1000][Batch 3/100] Running astar_alg (3 trials for the AVG metrics) ...
2023-12-07 16:35:41,747 - INFO - [20231207-163541.747932][Instance 29/1000][Batch 3/100] astar_alg time taken: 15.5730 seconds
2023-12-07 16:35:41,747 - INFO - [20231207-163541.747932][Instance 29/1000][Batch 3/100] Running dijkstra_alg (3 trials for the AVG metrics) ...
2023-12-07 16:36:25,159 - INFO - [20231207-163625.158763][Instance 29/1000][Batch 3/100] dijkstra_alg time taken: 43.4108 seconds
2023-12-07 16:36:25,159 - INFO - [20231207-163625.159760][Instance 29/1000][Batch 3/100] Running bfs_alg (3 trials for the AVG metrics) ...
2023-12-07 16:36:31,891 - INFO - [20231207-163631.891045][Instance 29/1000][Batch 3/100] bfs_alg time taken: 6.7313 seconds
2023-12-07 16:36:31,891 - INFO - [20231207-163631.891045][Instance 29/1000][Batch 3/100] Running dfs_alg (3 trials for the AVG metrics) ...
2023-12-07 16:36:38,887 - INFO - [20231207-163638.886096][Instance 29/1000][Batch 3/100] dfs_alg time taken: 6.9960 seconds
2023-12-07 16:36:38,887 - INFO - [20231207-163638.887095][Instance 29/1000][Batch 3/100] Instance generated successfully. Time taken: 72.7211 seconds
2023-12-07 16:36:40,441 - INFO - [20231207-163640.441866][Instance 30/1000][Batch 3/100] Graph generation time: 1.5528 seconds
2023-12-07 16:36:40,444 - INFO - [20231207-163640.444858][Instance 30/1000][Batch 3/100] Graph generation type: generate_random_graph
2023-12-07 16:36:40,444 - INFO - [20231207-163640.444858][Instance 30/1000][Batch 3/100] Graph Size: 4029 Nodes, 60410 Edges
2023-12-07 16:36:40,444 - INFO - [20231207-163640.444858][Instance 30/1000][Batch 3/100] Starting node 2051, Target node 3584
2023-12-07 16:36:40,444 - INFO - [20231207-163640.444858][Instance 30/1000][Batch 3/100] Calculating metrics ...
2023-12-07 16:36:40,453 - INFO - [20231207-163640.452837][Instance 30/1000][Batch 3/100] Running astar_alg (3 trials for the AVG metrics) ...
2023-12-07 16:37:22,403 - INFO - [20231207-163722.403748][Instance 30/1000][Batch 3/100] astar_alg time taken: 41.9509 seconds
2023-12-07 16:37:22,403 - INFO - [20231207-163722.403748][Instance 30/1000][Batch 3/100] Running dijkstra_alg (3 trials for the AVG metrics) ...
2023-12-07 16:38:07,006 - INFO - [20231207-163807.005742][Instance 30/1000][Batch 3/100] dijkstra_alg time taken: 44.6020 seconds
2023-12-07 16:38:07,006 - INFO - [20231207-163807.006740][Instance 30/1000][Batch 3/100] Running bfs_alg (3 trials for the AVG metrics) ...
2023-12-07 16:38:23,474 - INFO - [20231207-163823.474590][Instance 30/1000][Batch 3/100] bfs_alg time taken: 16.4679 seconds
2023-12-07 16:38:23,474 - INFO - [20231207-163823.474590][Instance 30/1000][Batch 3/100] Running dfs_alg (3 trials for the AVG metrics) ...
2023-12-07 16:38:57,671 - INFO - [20231207-163857.671368][Instance 30/1000][Batch 3/100] dfs_alg time taken: 34.1968 seconds
2023-12-07 16:38:57,671 - INFO - [20231207-163857.671368][Instance 30/1000][Batch 3/100] Instance generated successfully. Time taken: 137.2295 seconds
2023-12-07 16:38:57,945 - INFO - [20231207-163857.945925][Instance 31/1000][Batch 4/100] Graph generation time: 0.2586 seconds
2023-12-07 16:38:57,946 - INFO - [20231207-163857.946922][Instance 31/1000][Batch 4/100] Graph generation type: generate_random_regular_graph
2023-12-07 16:38:57,947 - INFO - [20231207-163857.946922][Instance 31/1000][Batch 4/100] Graph Size: 4030 Nodes, 8060 Edges
2023-12-07 16:38:57,947 - INFO - [20231207-163857.946922][Instance 31/1000][Batch 4/100] Starting node 1719, Target node 1248
2023-12-07 16:38:57,947 - INFO - [20231207-163857.947919][Instance 31/1000][Batch 4/100] Calculating metrics ...
2023-12-07 16:38:57,955 - INFO - [20231207-163857.954901][Instance 31/1000][Batch 4/100] Running astar_alg (3 trials for the AVG metrics) ...
2023-12-07 16:39:18,623 - INFO - [20231207-163918.623408][Instance 31/1000][Batch 4/100] astar_alg time taken: 20.6685 seconds
2023-12-07 16:39:18,623 - INFO - [20231207-163918.623408][Instance 31/1000][Batch 4/100] Running dijkstra_alg (3 trials for the AVG metrics) ...
2023-12-07 16:40:01,946 - INFO - [20231207-164001.946045][Instance 31/1000][Batch 4/100] dijkstra_alg time taken: 43.3226 seconds
2023-12-07 16:40:01,946 - INFO - [20231207-164001.946045][Instance 31/1000][Batch 4/100] Running bfs_alg (3 trials for the AVG metrics) ...
2023-12-07 16:40:22,342 - INFO - [20231207-164022.342228][Instance 31/1000][Batch 4/100] bfs_alg time taken: 20.3962 seconds
2023-12-07 16:40:22,342 - INFO - [20231207-164022.342228][Instance 31/1000][Batch 4/100] Running dfs_alg (3 trials for the AVG metrics) ...
2023-12-07 16:40:58,793 - INFO - [20231207-164058.793438][Instance 31/1000][Batch 4/100] dfs_alg time taken: 36.4512 seconds
2023-12-07 16:40:58,794 - INFO - [20231207-164058.793438][Instance 31/1000][Batch 4/100] Instance generated successfully. Time taken: 120.8485 seconds
2023-12-07 16:40:59,400 - INFO - [20231207-164059.400903][Instance 32/1000][Batch 4/100] Graph generation time: 0.6055 seconds
2023-12-07 16:40:59,403 - INFO - [20231207-164059.403896][Instance 32/1000][Batch 4/100] Graph generation type: generate_random_regular_graph
2023-12-07 16:40:59,403 - INFO - [20231207-164059.403896][Instance 32/1000][Batch 4/100] Graph Size: 4031 Nodes, 16124 Edges
2023-12-07 16:40:59,403 - INFO - [20231207-164059.403896][Instance 32/1000][Batch 4/100] Starting node 1406, Target node 3559
2023-12-07 16:40:59,403 - INFO - [20231207-164059.403896][Instance 32/1000][Batch 4/100] Calculating metrics ...
2023-12-07 16:40:59,411 - INFO - [20231207-164059.411875][Instance 32/1000][Batch 4/100] Running astar_alg (3 trials for the AVG metrics) ...
2023-12-07 16:41:02,763 - INFO - [20231207-164102.763872][Instance 32/1000][Batch 4/100] astar_alg time taken: 3.3520 seconds
2023-12-07 16:41:02,763 - INFO - [20231207-164102.763872][Instance 32/1000][Batch 4/100] Running dijkstra_alg (3 trials for the AVG metrics) ...
2023-12-07 16:41:46,310 - INFO - [20231207-164146.310348][Instance 32/1000][Batch 4/100] dijkstra_alg time taken: 43.5465 seconds
2023-12-07 16:41:46,310 - INFO - [20231207-164146.310348][Instance 32/1000][Batch 4/100] Running bfs_alg (3 trials for the AVG metrics) ...
2023-12-07 16:41:52,975 - INFO - [20231207-164152.975592][Instance 32/1000][Batch 4/100] bfs_alg time taken: 6.6652 seconds
2023-12-07 16:41:52,975 - INFO - [20231207-164152.975592][Instance 32/1000][Batch 4/100] Running dfs_alg (3 trials for the AVG metrics) ...
2023-12-07 16:41:53,931 - INFO - [20231207-164153.931935][Instance 32/1000][Batch 4/100] dfs_alg time taken: 0.9563 seconds
2023-12-07 16:41:53,932 - INFO - [20231207-164153.931935][Instance 32/1000][Batch 4/100] Instance generated successfully. Time taken: 54.5310 seconds
2023-12-07 16:43:00,527 - INFO - [20231207-164300.526832][Instance 33/1000][Batch 4/100] Graph generation time: 66.5939 seconds
2023-12-07 16:43:00,535 - INFO - [20231207-164300.535808][Instance 33/1000][Batch 4/100] Graph generation type: generate_dense_random_graph
2023-12-07 16:43:00,535 - INFO - [20231207-164300.535808][Instance 33/1000][Batch 4/100] Graph Size: 4032 Nodes, 1319604 Edges
2023-12-07 16:43:00,535 - INFO - [20231207-164300.535808][Instance 33/1000][Batch 4/100] Starting node 2361, Target node 1938
2023-12-07 16:43:00,535 - INFO - [20231207-164300.535808][Instance 33/1000][Batch 4/100] Calculating metrics ...
2023-12-07 16:43:00,558 - INFO - [20231207-164300.558747][Instance 33/1000][Batch 4/100] Running astar_alg (3 trials for the AVG metrics) ...
2023-12-07 16:43:20,663 - INFO - [20231207-164320.663226][Instance 33/1000][Batch 4/100] astar_alg time taken: 20.1045 seconds
2023-12-07 16:43:20,663 - INFO - [20231207-164320.663226][Instance 33/1000][Batch 4/100] Running dijkstra_alg (3 trials for the AVG metrics) ...
2023-12-07 16:44:28,577 - INFO - [20231207-164428.576045][Instance 33/1000][Batch 4/100] dijkstra_alg time taken: 67.9138 seconds
2023-12-07 16:44:28,577 - INFO - [20231207-164428.577043][Instance 33/1000][Batch 4/100] Running bfs_alg (3 trials for the AVG metrics) ...
2023-12-07 16:45:16,389 - INFO - [20231207-164516.389155][Instance 33/1000][Batch 4/100] bfs_alg time taken: 47.8121 seconds
2023-12-07 16:45:16,389 - INFO - [20231207-164516.389155][Instance 33/1000][Batch 4/100] Running dfs_alg (3 trials for the AVG metrics) ...
2023-12-07 16:45:57,579 - INFO - [20231207-164557.579741][Instance 33/1000][Batch 4/100] dfs_alg time taken: 41.1906 seconds
2023-12-07 16:45:57,579 - INFO - [20231207-164557.579741][Instance 33/1000][Batch 4/100] Instance generated successfully. Time taken: 177.0519 seconds
2023-12-07 16:46:38,372 - INFO - [20231207-164638.372974][Instance 34/1000][Batch 4/100] Graph generation time: 40.7912 seconds
2023-12-07 16:46:38,380 - INFO - [20231207-164638.380953][Instance 34/1000][Batch 4/100] Graph generation type: generate_random_graph
2023-12-07 16:46:38,381 - INFO - [20231207-164638.380953][Instance 34/1000][Batch 4/100] Graph Size: 4033 Nodes, 1557045 Edges
2023-12-07 16:46:38,381 - INFO - [20231207-164638.380953][Instance 34/1000][Batch 4/100] Starting node 2259, Target node 3705
2023-12-07 16:46:38,381 - INFO - [20231207-164638.381950][Instance 34/1000][Batch 4/100] Calculating metrics ...
2023-12-07 16:46:38,407 - INFO - [20231207-164638.407787][Instance 34/1000][Batch 4/100] Running astar_alg (3 trials for the AVG metrics) ...
2023-12-07 16:47:09,627 - INFO - [20231207-164709.627436][Instance 34/1000][Batch 4/100] astar_alg time taken: 31.2196 seconds
2023-12-07 16:47:09,627 - INFO - [20231207-164709.627436][Instance 34/1000][Batch 4/100] Running dijkstra_alg (3 trials for the AVG metrics) ...
2023-12-07 16:48:22,915 - INFO - [20231207-164822.914696][Instance 34/1000][Batch 4/100] dijkstra_alg time taken: 73.2883 seconds
2023-12-07 16:48:22,915 - INFO - [20231207-164822.915694][Instance 34/1000][Batch 4/100] Running bfs_alg (3 trials for the AVG metrics) ...
2023-12-07 16:48:57,002 - INFO - [20231207-164857.001887][Instance 34/1000][Batch 4/100] bfs_alg time taken: 34.0872 seconds
2023-12-07 16:48:57,002 - INFO - [20231207-164857.002886][Instance 34/1000][Batch 4/100] Running dfs_alg (3 trials for the AVG metrics) ...
2023-12-07 16:49:31,326 - INFO - [20231207-164931.325447][Instance 34/1000][Batch 4/100] dfs_alg time taken: 34.3226 seconds
2023-12-07 16:49:31,326 - INFO - [20231207-164931.326445][Instance 34/1000][Batch 4/100] Instance generated successfully. Time taken: 172.9535 seconds
2023-12-07 16:50:24,247 - INFO - [20231207-165024.247463][Instance 35/1000][Batch 4/100] Graph generation time: 52.9190 seconds
2023-12-07 16:50:24,254 - INFO - [20231207-165024.254446][Instance 35/1000][Batch 4/100] Graph generation type: generate_dense_random_graph
2023-12-07 16:50:24,254 - INFO - [20231207-165024.254446][Instance 35/1000][Batch 4/100] Graph Size: 4034 Nodes, 569419 Edges
2023-12-07 16:50:24,255 - INFO - [20231207-165024.254446][Instance 35/1000][Batch 4/100] Starting node 3398, Target node 476
2023-12-07 16:50:24,255 - INFO - [20231207-165024.255443][Instance 35/1000][Batch 4/100] Calculating metrics ...
2023-12-07 16:50:24,276 - INFO - [20231207-165024.276387][Instance 35/1000][Batch 4/100] Running astar_alg (3 trials for the AVG metrics) ...
2023-12-07 16:50:53,608 - INFO - [20231207-165053.608079][Instance 35/1000][Batch 4/100] astar_alg time taken: 29.3317 seconds
2023-12-07 16:50:53,609 - INFO - [20231207-165053.609076][Instance 35/1000][Batch 4/100] Running dijkstra_alg (3 trials for the AVG metrics) ...
2023-12-07 16:51:47,572 - INFO - [20231207-165147.572099][Instance 35/1000][Batch 4/100] dijkstra_alg time taken: 53.9630 seconds
2023-12-07 16:51:47,572 - INFO - [20231207-165147.572099][Instance 35/1000][Batch 4/100] Running bfs_alg (3 trials for the AVG metrics) ...
2023-12-07 16:52:13,662 - INFO - [20231207-165213.662879][Instance 35/1000][Batch 4/100] bfs_alg time taken: 26.0908 seconds
2023-12-07 16:52:13,663 - INFO - [20231207-165213.663877][Instance 35/1000][Batch 4/100] Running dfs_alg (3 trials for the AVG metrics) ...
2023-12-07 16:52:18,433 - INFO - [20231207-165218.433757][Instance 35/1000][Batch 4/100] dfs_alg time taken: 4.7699 seconds
2023-12-07 16:52:18,433 - INFO - [20231207-165218.433757][Instance 35/1000][Batch 4/100] Instance generated successfully. Time taken: 114.1863 seconds
2023-12-07 16:52:18,738 - INFO - [20231207-165218.738772][Instance 36/1000][Batch 4/100] Graph generation time: 0.3030 seconds
2023-12-07 16:52:18,752 - INFO - [20231207-165218.752735][Instance 36/1000][Batch 4/100] Graph generation type: generate_2d_grid_graph
2023-12-07 16:52:18,752 - INFO - [20231207-165218.752735][Instance 36/1000][Batch 4/100] Graph Size: 4035 Nodes, 7786 Edges
2023-12-07 16:52:18,752 - INFO - [20231207-165218.752735][Instance 36/1000][Batch 4/100] Starting node 2610, Target node 1693
2023-12-07 16:52:18,752 - INFO - [20231207-165218.752735][Instance 36/1000][Batch 4/100] Calculating metrics ...
2023-12-07 16:52:18,760 - INFO - [20231207-165218.760714][Instance 36/1000][Batch 4/100] Running astar_alg (3 trials for the AVG metrics) ...
2023-12-07 16:52:58,277 - INFO - [20231207-165258.277999][Instance 36/1000][Batch 4/100] astar_alg time taken: 39.5173 seconds
2023-12-07 16:52:58,278 - INFO - [20231207-165258.277999][Instance 36/1000][Batch 4/100] Running dijkstra_alg (3 trials for the AVG metrics) ...
2023-12-07 16:53:41,447 - INFO - [20231207-165341.446806][Instance 36/1000][Batch 4/100] dijkstra_alg time taken: 43.1698 seconds
2023-12-07 16:53:41,447 - INFO - [20231207-165341.447804][Instance 36/1000][Batch 4/100] Running bfs_alg (3 trials for the AVG metrics) ...
2023-12-07 16:54:11,390 - INFO - [20231207-165411.389051][Instance 36/1000][Batch 4/100] bfs_alg time taken: 29.9423 seconds
2023-12-07 16:54:11,390 - INFO - [20231207-165411.390059][Instance 36/1000][Batch 4/100] Running dfs_alg (3 trials for the AVG metrics) ...
2023-12-07 16:54:25,920 - INFO - [20231207-165425.920131][Instance 36/1000][Batch 4/100] dfs_alg time taken: 14.5301 seconds
2023-12-07 16:54:25,920 - INFO - [20231207-165425.920131][Instance 36/1000][Batch 4/100] Instance generated successfully. Time taken: 127.1814 seconds
2023-12-07 16:55:00,045 - INFO - [20231207-165500.045047][Instance 37/1000][Batch 4/100] Graph generation time: 34.1229 seconds
2023-12-07 16:55:00,053 - INFO - [20231207-165500.053026][Instance 37/1000][Batch 4/100] Graph generation type: generate_random_graph
2023-12-07 16:55:00,053 - INFO - [20231207-165500.053026][Instance 37/1000][Batch 4/100] Graph Size: 4036 Nodes, 1377740 Edges
2023-12-07 16:55:00,053 - INFO - [20231207-165500.053026][Instance 37/1000][Batch 4/100] Starting node 2236, Target node 3814
2023-12-07 16:55:00,053 - INFO - [20231207-165500.053026][Instance 37/1000][Batch 4/100] Calculating metrics ...
2023-12-07 16:55:00,076 - INFO - [20231207-165500.076963][Instance 37/1000][Batch 4/100] Running astar_alg (3 trials for the AVG metrics) ...
2023-12-07 16:55:13,267 - INFO - [20231207-165513.266242][Instance 37/1000][Batch 4/100] astar_alg time taken: 13.1903 seconds
2023-12-07 16:55:13,267 - INFO - [20231207-165513.267240][Instance 37/1000][Batch 4/100] Running dijkstra_alg (3 trials for the AVG metrics) ...
2023-12-07 16:56:23,843 - INFO - [20231207-165623.843279][Instance 37/1000][Batch 4/100] dijkstra_alg time taken: 70.5760 seconds
2023-12-07 16:56:23,844 - INFO - [20231207-165623.843279][Instance 37/1000][Batch 4/100] Running bfs_alg (3 trials for the AVG metrics) ...
2023-12-07 16:57:08,277 - INFO - [20231207-165708.276934][Instance 37/1000][Batch 4/100] bfs_alg time taken: 44.4337 seconds
2023-12-07 16:57:08,277 - INFO - [20231207-165708.277931][Instance 37/1000][Batch 4/100] Running dfs_alg (3 trials for the AVG metrics) ...
2023-12-07 16:57:25,865 - INFO - [20231207-165725.865918][Instance 37/1000][Batch 4/100] dfs_alg time taken: 17.5880 seconds
2023-12-07 16:57:25,865 - INFO - [20231207-165725.865918][Instance 37/1000][Batch 4/100] Instance generated successfully. Time taken: 145.8209 seconds
2023-12-07 16:57:26,161 - INFO - [20231207-165726.161034][Instance 38/1000][Batch 4/100] Graph generation time: 0.2931 seconds
2023-12-07 16:57:26,174 - INFO - [20231207-165726.173999][Instance 38/1000][Batch 4/100] Graph generation type: generate_2d_grid_graph
2023-12-07 16:57:26,174 - INFO - [20231207-165726.173999][Instance 38/1000][Batch 4/100] Graph Size: 4037 Nodes, 7696 Edges
2023-12-07 16:57:26,174 - INFO - [20231207-165726.173999][Instance 38/1000][Batch 4/100] Starting node 1145, Target node 2446
2023-12-07 16:57:26,174 - INFO - [20231207-165726.174997][Instance 38/1000][Batch 4/100] Calculating metrics ...
2023-12-07 16:57:26,182 - INFO - [20231207-165726.181979][Instance 38/1000][Batch 4/100] Running astar_alg (3 trials for the AVG metrics) ...
2023-12-07 16:58:03,749 - INFO - [20231207-165803.749037][Instance 38/1000][Batch 4/100] astar_alg time taken: 37.5671 seconds
2023-12-07 16:58:03,749 - INFO - [20231207-165803.749037][Instance 38/1000][Batch 4/100] Running dijkstra_alg (3 trials for the AVG metrics) ...
2023-12-07 16:58:46,906 - INFO - [20231207-165846.906857][Instance 38/1000][Batch 4/100] dijkstra_alg time taken: 43.1578 seconds
2023-12-07 16:58:46,906 - INFO - [20231207-165846.906857][Instance 38/1000][Batch 4/100] Running bfs_alg (3 trials for the AVG metrics) ...
2023-12-07 16:59:15,506 - INFO - [20231207-165915.505373][Instance 38/1000][Batch 4/100] bfs_alg time taken: 28.5995 seconds
2023-12-07 16:59:15,506 - INFO - [20231207-165915.506372][Instance 38/1000][Batch 4/100] Running dfs_alg (3 trials for the AVG metrics) ...
2023-12-07 16:59:24,681 - INFO - [20231207-165924.681226][Instance 38/1000][Batch 4/100] dfs_alg time taken: 9.1749 seconds
2023-12-07 16:59:24,682 - INFO - [20231207-165924.682223][Instance 38/1000][Batch 4/100] Instance generated successfully. Time taken: 118.5202 seconds
2023-12-07 16:59:50,519 - INFO - [20231207-165950.518453][Instance 39/1000][Batch 4/100] Graph generation time: 25.8342 seconds
2023-12-07 16:59:50,527 - INFO - [20231207-165950.526431][Instance 39/1000][Batch 4/100] Graph generation type: generate_random_graph
2023-12-07 16:59:50,527 - INFO - [20231207-165950.526431][Instance 39/1000][Batch 4/100] Graph Size: 4038 Nodes, 1041575 Edges
2023-12-07 16:59:50,527 - INFO - [20231207-165950.526431][Instance 39/1000][Batch 4/100] Starting node 2365, Target node 831
2023-12-07 16:59:50,527 - INFO - [20231207-165950.527429][Instance 39/1000][Batch 4/100] Calculating metrics ...
2023-12-07 16:59:50,549 - INFO - [20231207-165950.549371][Instance 39/1000][Batch 4/100] Running astar_alg (3 trials for the AVG metrics) ...
2023-12-07 17:00:33,081 - INFO - [20231207-170033.080981][Instance 39/1000][Batch 4/100] astar_alg time taken: 42.5326 seconds
2023-12-07 17:00:33,081 - INFO - [20231207-170033.081979][Instance 39/1000][Batch 4/100] Running dijkstra_alg (3 trials for the AVG metrics) ...
2023-12-07 17:01:36,011 - INFO - [20231207-170136.011674][Instance 39/1000][Batch 4/100] dijkstra_alg time taken: 62.9297 seconds
2023-12-07 17:01:36,012 - INFO - [20231207-170136.011674][Instance 39/1000][Batch 4/100] Running bfs_alg (3 trials for the AVG metrics) ...
2023-12-07 17:02:22,593 - INFO - [20231207-170222.593235][Instance 39/1000][Batch 4/100] bfs_alg time taken: 46.5816 seconds
2023-12-07 17:02:22,593 - INFO - [20231207-170222.593235][Instance 39/1000][Batch 4/100] Running dfs_alg (3 trials for the AVG metrics) ...
2023-12-07 17:02:53,637 - INFO - [20231207-170253.637293][Instance 39/1000][Batch 4/100] dfs_alg time taken: 31.0441 seconds
2023-12-07 17:02:53,637 - INFO - [20231207-170253.637293][Instance 39/1000][Batch 4/100] Instance generated successfully. Time taken: 183.1178 seconds
2023-12-07 17:02:54,123 - INFO - [20231207-170254.122041][Instance 40/1000][Batch 4/100] Graph generation time: 0.4828 seconds
2023-12-07 17:02:54,124 - INFO - [20231207-170254.124036][Instance 40/1000][Batch 4/100] Graph generation type: generate_random_regular_graph
2023-12-07 17:02:54,125 - INFO - [20231207-170254.124036][Instance 40/1000][Batch 4/100] Graph Size: 4039 Nodes, 16156 Edges
2023-12-07 17:02:54,125 - INFO - [20231207-170254.124036][Instance 40/1000][Batch 4/100] Starting node 3748, Target node 47
2023-12-07 17:02:54,125 - INFO - [20231207-170254.125543][Instance 40/1000][Batch 4/100] Calculating metrics ...
2023-12-07 17:02:54,132 - INFO - [20231207-170254.132526][Instance 40/1000][Batch 4/100] Running astar_alg (3 trials for the AVG metrics) ...
2023-12-07 17:03:34,640 - INFO - [20231207-170334.640497][Instance 40/1000][Batch 4/100] astar_alg time taken: 40.5080 seconds
2023-12-07 17:03:34,640 - INFO - [20231207-170334.640497][Instance 40/1000][Batch 4/100] Running dijkstra_alg (3 trials for the AVG metrics) ...
2023-12-07 17:04:18,573 - INFO - [20231207-170418.573441][Instance 40/1000][Batch 4/100] dijkstra_alg time taken: 43.9329 seconds
2023-12-07 17:04:18,574 - INFO - [20231207-170418.574438][Instance 40/1000][Batch 4/100] Running bfs_alg (3 trials for the AVG metrics) ...
2023-12-07 17:04:56,002 - INFO - [20231207-170456.002627][Instance 40/1000][Batch 4/100] bfs_alg time taken: 37.4282 seconds
2023-12-07 17:04:56,003 - INFO - [20231207-170456.003624][Instance 40/1000][Batch 4/100] Running dfs_alg (3 trials for the AVG metrics) ...
2023-12-07 17:05:11,370 - INFO - [20231207-170511.370032][Instance 40/1000][Batch 4/100] dfs_alg time taken: 15.3664 seconds
2023-12-07 17:05:11,371 - INFO - [20231207-170511.371030][Instance 40/1000][Batch 4/100] Instance generated successfully. Time taken: 137.2480 seconds
2023-12-07 17:06:16,160 - INFO - [20231207-170616.159665][Instance 41/1000][Batch 5/100] Graph generation time: 64.7727 seconds
2023-12-07 17:06:16,167 - INFO - [20231207-170616.167643][Instance 41/1000][Batch 5/100] Graph generation type: generate_dense_random_graph
2023-12-07 17:06:16,168 - INFO - [20231207-170616.167643][Instance 41/1000][Batch 5/100] Graph Size: 4040 Nodes, 1223613 Edges
2023-12-07 17:06:16,168 - INFO - [20231207-170616.167643][Instance 41/1000][Batch 5/100] Starting node 3855, Target node 3023
2023-12-07 17:06:16,168 - INFO - [20231207-170616.168642][Instance 41/1000][Batch 5/100] Calculating metrics ...
2023-12-07 17:06:16,192 - INFO - [20231207-170616.192577][Instance 41/1000][Batch 5/100] Running astar_alg (3 trials for the AVG metrics) ...
2023-12-07 17:07:24,889 - INFO - [20231207-170724.889078][Instance 41/1000][Batch 5/100] astar_alg time taken: 68.6965 seconds
2023-12-07 17:07:24,889 - INFO - [20231207-170724.889078][Instance 41/1000][Batch 5/100] Running dijkstra_alg (3 trials for the AVG metrics) ...
2023-12-07 17:08:31,445 - INFO - [20231207-170831.444684][Instance 41/1000][Batch 5/100] dijkstra_alg time taken: 66.5556 seconds
2023-12-07 17:08:31,445 - INFO - [20231207-170831.445681][Instance 41/1000][Batch 5/100] Running bfs_alg (3 trials for the AVG metrics) ...
2023-12-07 17:08:43,933 - INFO - [20231207-170843.933672][Instance 41/1000][Batch 5/100] bfs_alg time taken: 12.4880 seconds
2023-12-07 17:08:43,933 - INFO - [20231207-170843.933672][Instance 41/1000][Batch 5/100] Running dfs_alg (3 trials for the AVG metrics) ...
2023-12-07 17:09:31,611 - INFO - [20231207-170931.611585][Instance 41/1000][Batch 5/100] dfs_alg time taken: 47.6779 seconds
2023-12-07 17:09:31,611 - INFO - [20231207-170931.611585][Instance 41/1000][Batch 5/100] Instance generated successfully. Time taken: 195.4509 seconds
2023-12-07 17:09:32,158 - INFO - [20231207-170932.158018][Instance 42/1000][Batch 5/100] Graph generation time: 0.5444 seconds
2023-12-07 17:09:32,160 - INFO - [20231207-170932.160013][Instance 42/1000][Batch 5/100] Graph generation type: generate_random_regular_graph
2023-12-07 17:09:32,160 - INFO - [20231207-170932.160013][Instance 42/1000][Batch 5/100] Graph Size: 4041 Nodes, 12123 Edges
2023-12-07 17:09:32,161 - INFO - [20231207-170932.160013][Instance 42/1000][Batch 5/100] Starting node 1622, Target node 3475
2023-12-07 17:09:32,161 - INFO - [20231207-170932.161010][Instance 42/1000][Batch 5/100] Calculating metrics ...
2023-12-07 17:09:32,167 - INFO - [20231207-170932.167993][Instance 42/1000][Batch 5/100] Running astar_alg (3 trials for the AVG metrics) ...
2023-12-07 17:10:15,181 - INFO - [20231207-171015.181889][Instance 42/1000][Batch 5/100] astar_alg time taken: 43.0139 seconds
2023-12-07 17:10:15,181 - INFO - [20231207-171015.181889][Instance 42/1000][Batch 5/100] Running dijkstra_alg (3 trials for the AVG metrics) ...
2023-12-07 17:10:58,873 - INFO - [20231207-171058.872843][Instance 42/1000][Batch 5/100] dijkstra_alg time taken: 43.6920 seconds
2023-12-07 17:10:58,873 - INFO - [20231207-171058.873840][Instance 42/1000][Batch 5/100] Running bfs_alg (3 trials for the AVG metrics) ...
2023-12-07 17:11:07,367 - INFO - [20231207-171107.367140][Instance 42/1000][Batch 5/100] bfs_alg time taken: 8.4933 seconds
2023-12-07 17:11:07,367 - INFO - [20231207-171107.367140][Instance 42/1000][Batch 5/100] Running dfs_alg (3 trials for the AVG metrics) ...
2023-12-07 17:11:08,866 - INFO - [20231207-171108.866105][Instance 42/1000][Batch 5/100] dfs_alg time taken: 1.4990 seconds
2023-12-07 17:11:08,867 - INFO - [20231207-171108.866105][Instance 42/1000][Batch 5/100] Instance generated successfully. Time taken: 96.7081 seconds
2023-12-07 17:12:15,299 - INFO - [20231207-171215.299923][Instance 43/1000][Batch 5/100] Graph generation time: 66.4313 seconds
2023-12-07 17:12:15,308 - INFO - [20231207-171215.307901][Instance 43/1000][Batch 5/100] Graph generation type: generate_dense_random_graph
2023-12-07 17:12:15,308 - INFO - [20231207-171215.307901][Instance 43/1000][Batch 5/100] Graph Size: 4042 Nodes, 1346864 Edges
2023-12-07 17:12:15,308 - INFO - [20231207-171215.307901][Instance 43/1000][Batch 5/100] Starting node 1353, Target node 2499
2023-12-07 17:12:15,308 - INFO - [20231207-171215.308898][Instance 43/1000][Batch 5/100] Calculating metrics ...
2023-12-07 17:12:15,332 - INFO - [20231207-171215.332346][Instance 43/1000][Batch 5/100] Running astar_alg (3 trials for the AVG metrics) ...
2023-12-07 17:13:46,483 - INFO - [20231207-171346.482521][Instance 43/1000][Batch 5/100] astar_alg time taken: 91.1512 seconds
2023-12-07 17:13:46,483 - INFO - [20231207-171346.483518][Instance 43/1000][Batch 5/100] Running dijkstra_alg (3 trials for the AVG metrics) ...
2023-12-07 17:14:55,010 - INFO - [20231207-171455.009003][Instance 43/1000][Batch 5/100] dijkstra_alg time taken: 68.5265 seconds
2023-12-07 17:14:55,010 - INFO - [20231207-171455.010000][Instance 43/1000][Batch 5/100] Running bfs_alg (3 trials for the AVG metrics) ...
2023-12-07 17:15:13,032 - INFO - [20231207-171513.032772][Instance 43/1000][Batch 5/100] bfs_alg time taken: 18.0228 seconds
2023-12-07 17:15:13,032 - INFO - [20231207-171513.032772][Instance 43/1000][Batch 5/100] Running dfs_alg (3 trials for the AVG metrics) ...
2023-12-07 17:15:42,871 - INFO - [20231207-171542.871238][Instance 43/1000][Batch 5/100] dfs_alg time taken: 29.8385 seconds
2023-12-07 17:15:42,872 - INFO - [20231207-171542.871238][Instance 43/1000][Batch 5/100] Instance generated successfully. Time taken: 207.5723 seconds
2023-12-07 17:15:45,462 - INFO - [20231207-171545.462719][Instance 44/1000][Batch 5/100] Graph generation time: 2.5895 seconds
2023-12-07 17:15:45,465 - INFO - [20231207-171545.465711][Instance 44/1000][Batch 5/100] Graph generation type: generate_random_graph
2023-12-07 17:15:45,465 - INFO - [20231207-171545.465711][Instance 44/1000][Batch 5/100] Graph Size: 4043 Nodes, 100872 Edges
2023-12-07 17:15:45,466 - INFO - [20231207-171545.465711][Instance 44/1000][Batch 5/100] Starting node 3524, Target node 427
2023-12-07 17:15:45,466 - INFO - [20231207-171545.466708][Instance 44/1000][Batch 5/100] Calculating metrics ...
2023-12-07 17:15:45,475 - INFO - [20231207-171545.474687][Instance 44/1000][Batch 5/100] Running astar_alg (3 trials for the AVG metrics) ...
2023-12-07 17:16:16,725 - INFO - [20231207-171616.725372][Instance 44/1000][Batch 5/100] astar_alg time taken: 31.2507 seconds
2023-12-07 17:16:16,725 - INFO - [20231207-171616.725372][Instance 44/1000][Batch 5/100] Running dijkstra_alg (3 trials for the AVG metrics) ...
2023-12-07 17:17:03,198 - INFO - [20231207-171703.197691][Instance 44/1000][Batch 5/100] dijkstra_alg time taken: 46.4733 seconds
2023-12-07 17:17:03,198 - INFO - [20231207-171703.198688][Instance 44/1000][Batch 5/100] Running bfs_alg (3 trials for the AVG metrics) ...
2023-12-07 17:17:40,059 - INFO - [20231207-171740.059215][Instance 44/1000][Batch 5/100] bfs_alg time taken: 36.8605 seconds
2023-12-07 17:17:40,060 - INFO - [20231207-171740.060212][Instance 44/1000][Batch 5/100] Running dfs_alg (3 trials for the AVG metrics) ...
2023-12-07 17:17:43,996 - INFO - [20231207-171743.996953][Instance 44/1000][Batch 5/100] dfs_alg time taken: 3.9367 seconds
2023-12-07 17:17:43,996 - INFO - [20231207-171743.996953][Instance 44/1000][Batch 5/100] Instance generated successfully. Time taken: 118.5332 seconds
2023-12-07 17:18:51,464 - INFO - [20231207-171851.464670][Instance 45/1000][Batch 5/100] Graph generation time: 67.4657 seconds
2023-12-07 17:18:51,472 - INFO - [20231207-171851.472648][Instance 45/1000][Batch 5/100] Graph generation type: generate_dense_random_graph
2023-12-07 17:18:51,472 - INFO - [20231207-171851.472648][Instance 45/1000][Batch 5/100] Graph Size: 4044 Nodes, 1315994 Edges
2023-12-07 17:18:51,473 - INFO - [20231207-171851.472648][Instance 45/1000][Batch 5/100] Starting node 2279, Target node 3360
2023-12-07 17:18:51,473 - INFO - [20231207-171851.473646][Instance 45/1000][Batch 5/100] Calculating metrics ...
2023-12-07 17:18:51,496 - INFO - [20231207-171851.496584][Instance 45/1000][Batch 5/100] Running astar_alg (3 trials for the AVG metrics) ...
2023-12-07 17:19:11,686 - ERROR - [20231207-171911.686211] Keyboard interrupt received. Script interrupted by user.
2023-12-07 17:19:11,687 - ERROR - [20231207-171911.687209] Script terminated prematurely.
